<?xml version="1.0" encoding="UTF-8"?>
<!-- Generated by org.testng.reporters.JUnitReportReporter -->
<testsuite hostname="01250LT2368" name="testCase.TestCaseForLogin" tests="8" failures="0" timestamp="11 Jan 2016 19:35:34 GMT" time="16.000" errors="0">
  <testcase name="logout" time="4.500" classname="testCase.TestCaseForLogin"/>
  <testcase name="validLogin" time="0.603" classname="testCase.TestCaseForLogin"/>
  <testcase name="verifyInvalidIDBlank" time="1.317" classname="testCase.TestCaseForLogin"/>
  <testcase name="verifyTitle" time="0.252" classname="testCase.TestCaseForLogin"/>
  <testcase name="logIn" time="6.016" classname="testCase.TestCaseForLogin"/>
  <testcase name="verifyInvalidPassword" time="1.105" classname="testCase.TestCaseForLogin"/>
  <testcase name="verifyInvalidID" time="0.999" classname="testCase.TestCaseForLogin"/>
  <testcase name="verifyRemebarMeCheckBox" time="1.208" classname="testCase.TestCaseForLogin"/>
</testsuite> <!-- testCase.TestCaseForLogin -->
