<?xml version="1.0" encoding="UTF-8"?>
<!-- Generated by org.testng.reporters.JUnitReportReporter -->
<testsuite hostname="01250LT2368" name="testCase.TestCaseForLogin" tests="8" failures="8" timestamp="4 Dec 2015 20:56:38 GMT" time="0.001" errors="0">
  <testcase name="verifyInvalidID" time="0.000" classname="testCase.TestCaseForLogin">
    <failure type="org.openqa.selenium.WebDriverException" message="Failed to connect to binary FirefoxBinary(C:\Program Files\Mozilla Firefox\firefox.exe) on port 7055; process output follows: 
xtensions.json	DEBUG	Save changes
1449262575116	DeferredSave.extensions.json	DEBUG	Save changes
1449262575117	addons.xpi	DEBUG	Updating XPIState for {&quot;id&quot;:&quot;{972ce4c6-7e08-4474-a285-3208198ce6fd}&quot;,&quot;syncGUID&quot;:&quot;XIcsDmRfc4tY&quot;,&quot;location&quot;:&quot;app-global&quot;,&quot;version&quot;:&quot;42.0&quot;,&quot;type&quot;:&quot;theme&quot;,&quot;internalName&quot;:&quot;classic/1.0&quot;,&quot;updateURL&quot;:null,&quot;updateKey&quot;:null,&quot;optionsURL&quot;:null,&quot;optionsType&quot;:null,&quot;aboutURL&quot;:null,&quot;iconURL&quot;:null,&quot;icon64URL&quot;:null,&quot;defaultLocale&quot;:{&quot;name&quot;:&quot;Default&quot;,&quot;description&quot;:&quot;The default theme.&quot;,&quot;creator&quot;:&quot;Mozilla&quot;,&quot;homepageURL&quot;:null,&quot;contributors&quot;:[&quot;Mozilla Contributors&quot;]},&quot;visible&quot;:true,&quot;active&quot;:true,&quot;userDisabled&quot;:false,&quot;appDisabled&quot;:false,&quot;descriptor&quot;:&quot;C:\\Program Files\\Mozilla Firefox\\browser\\extensions\\{972ce4c6-7e08-4474-a285-3208198ce6fd}&quot;,&quot;installDate&quot;:1447167314715,&quot;updateDate&quot;:1447167314715,&quot;applyBackgroundUpdates&quot;:1,&quot;skinnable&quot;:true,&quot;size&quot;:24301,&quot;sourceURI&quot;:null,&quot;releaseNotesURI&quot;:null,&quot;softDisabled&quot;:false,&quot;foreignInstall&quot;:false,&quot;hasBinaryComponents&quot;:false,&quot;strictCompatibility&quot;:true,&quot;locales&quot;:[],&quot;targetApplications&quot;:[{&quot;id&quot;:&quot;{ec8030f7-c20a-464f-9b0e-13a3a9e97384}&quot;,&quot;minVersion&quot;:&quot;42.0&quot;,&quot;maxVersion&quot;:&quot;42.0&quot;}],&quot;targetPlatforms&quot;:[]}
1449262575117	addons.xpi	DEBUG	getModTime: Recursive scan of {972ce4c6-7e08-4474-a285-3208198ce6fd}
1449262575118	addons.xpi	DEBUG	New add-on {D19CA586-DD6C-4a0a-96F8-14644F340D60} installed in winreg-app-global
1449262575160	DeferredSave.extensions.json	DEBUG	Starting write
1449262576200	addons.xpi	WARN	Disabling foreign installed add-on {D19CA586-DD6C-4a0a-96F8-14644F340D60} in winreg-app-global
1449262576201	addons.xpi-utils	DEBUG	Make addon winreg-app-global:{D19CA586-DD6C-4a0a-96F8-14644F340D60} visible
1449262576201	DeferredSave.extensions.json	DEBUG	Save changes
1449262576201	DeferredSave.extensions.json	DEBUG	Data changed while write in progress
1449262576202	DeferredSave.extensions.json	DEBUG	Save changes
1449262576202	addons.xpi	DEBUG	Updating XPIState for {&quot;id&quot;:&quot;{D19CA586-DD6C-4a0a-96F8-14644F340D60}&quot;,&quot;syncGUID&quot;:&quot;EZfD7y0cjpe4&quot;,&quot;location&quot;:&quot;winreg-app-global&quot;,&quot;version&quot;:&quot;15.1.0&quot;,&quot;type&quot;:&quot;extension&quot;,&quot;internalName&quot;:null,&quot;updateURL&quot;:null,&quot;updateKey&quot;:null,&quot;optionsURL&quot;:null,&quot;optionsType&quot;:null,&quot;aboutURL&quot;:null,&quot;iconURL&quot;:&quot;chrome://vscore/content/ScriptFF.gif&quot;,&quot;icon64URL&quot;:null,&quot;defaultLocale&quot;:{&quot;name&quot;:&quot;McAfee ScriptScan for Firefox&quot;,&quot;description&quot;:null,&quot;creator&quot;:&quot;McAfee, Inc.&quot;,&quot;homepageURL&quot;:null},&quot;visible&quot;:true,&quot;active&quot;:false,&quot;userDisabled&quot;:true,&quot;appDisabled&quot;:false,&quot;descriptor&quot;:&quot;C:\\Program Files\\Common Files\\McAfee\\SystemCore&quot;,&quot;installDate&quot;:1449261103026,&quot;updateDate&quot;:1449261103026,&quot;applyBackgroundUpdates&quot;:1,&quot;bootstrap&quot;:false,&quot;size&quot;:4090600,&quot;sourceURI&quot;:null,&quot;releaseNotesURI&quot;:null,&quot;softDisabled&quot;:false,&quot;foreignInstall&quot;:true,&quot;hasBinaryComponents&quot;:false,&quot;strictCompatibility&quot;:false,&quot;locales&quot;:[],&quot;targetApplications&quot;:[{&quot;id&quot;:&quot;{ec8030f7-c20a-464f-9b0e-13a3a9e97384}&quot;,&quot;minVersion&quot;:&quot;1.5&quot;,&quot;maxVersion&quot;:&quot;9.9&quot;}],&quot;targetPlatforms&quot;:[],&quot;multiprocessCompatible&quot;:false,&quot;signedState&quot;:0}
1449262576203	addons.xpi	DEBUG	Updating database with changes to installed add-ons
1449262576203	addons.xpi-utils	DEBUG	Updating add-on states
1449262576388	addons.xpi-utils	DEBUG	Writing add-ons list
1449262576510	addons.manager	DEBUG	Registering shutdown blocker for XPIProvider
1449262576510	addons.manager	DEBUG	Provider finished startup: XPIProvider
1449262576510	addons.manager	DEBUG	Starting provider: LightweightThemeManager
1449262576510	addons.manager	DEBUG	Registering shutdown blocker for LightweightThemeManager
1449262576511	addons.manager	DEBUG	Provider finished startup: LightweightThemeManager
1449262576511	addons.manager	DEBUG	Starting provider: GMPProvider
1449262576553	addons.manager	DEBUG	Registering shutdown blocker for GMPProvider
1449262576554	addons.manager	DEBUG	Provider finished startup: GMPProvider
1449262576554	addons.manager	DEBUG	Starting provider: PluginProvider
1449262576554	addons.manager	DEBUG	Registering shutdown blocker for PluginProvider
1449262576554	addons.manager	DEBUG	Provider finished startup: PluginProvider
1449262576555	addons.manager	DEBUG	Completed startup sequence

Build info: version: &#039;2.47.1&#039;, revision: &#039;411b314&#039;, time: &#039;2015-07-30 02:56:46&#039;
System info: host: &#039;01250LT2368&#039;, ip: &#039;10.8.130.158&#039;, os.name: &#039;Windows 7&#039;, os.arch: &#039;x86&#039;, os.version: &#039;6.1&#039;, java.version: &#039;1.8.0_60&#039;
Driver info: driver.version: FirefoxDriver">
      <![CDATA[org.openqa.selenium.WebDriverException: Failed to connect to binary FirefoxBinary(C:\Program Files\Mozilla Firefox\firefox.exe) on port 7055; process output follows: 
xtensions.json	DEBUG	Save changes
1449262575116	DeferredSave.extensions.json	DEBUG	Save changes
1449262575117	addons.xpi	DEBUG	Updating XPIState for {"id":"{972ce4c6-7e08-4474-a285-3208198ce6fd}","syncGUID":"XIcsDmRfc4tY","location":"app-global","version":"42.0","type":"theme","internalName":"classic/1.0","updateURL":null,"updateKey":null,"optionsURL":null,"optionsType":null,"aboutURL":null,"iconURL":null,"icon64URL":null,"defaultLocale":{"name":"Default","description":"The default theme.","creator":"Mozilla","homepageURL":null,"contributors":["Mozilla Contributors"]},"visible":true,"active":true,"userDisabled":false,"appDisabled":false,"descriptor":"C:\\Program Files\\Mozilla Firefox\\browser\\extensions\\{972ce4c6-7e08-4474-a285-3208198ce6fd}","installDate":1447167314715,"updateDate":1447167314715,"applyBackgroundUpdates":1,"skinnable":true,"size":24301,"sourceURI":null,"releaseNotesURI":null,"softDisabled":false,"foreignInstall":false,"hasBinaryComponents":false,"strictCompatibility":true,"locales":[],"targetApplications":[{"id":"{ec8030f7-c20a-464f-9b0e-13a3a9e97384}","minVersion":"42.0","maxVersion":"42.0"}],"targetPlatforms":[]}
1449262575117	addons.xpi	DEBUG	getModTime: Recursive scan of {972ce4c6-7e08-4474-a285-3208198ce6fd}
1449262575118	addons.xpi	DEBUG	New add-on {D19CA586-DD6C-4a0a-96F8-14644F340D60} installed in winreg-app-global
1449262575160	DeferredSave.extensions.json	DEBUG	Starting write
1449262576200	addons.xpi	WARN	Disabling foreign installed add-on {D19CA586-DD6C-4a0a-96F8-14644F340D60} in winreg-app-global
1449262576201	addons.xpi-utils	DEBUG	Make addon winreg-app-global:{D19CA586-DD6C-4a0a-96F8-14644F340D60} visible
1449262576201	DeferredSave.extensions.json	DEBUG	Save changes
1449262576201	DeferredSave.extensions.json	DEBUG	Data changed while write in progress
1449262576202	DeferredSave.extensions.json	DEBUG	Save changes
1449262576202	addons.xpi	DEBUG	Updating XPIState for {"id":"{D19CA586-DD6C-4a0a-96F8-14644F340D60}","syncGUID":"EZfD7y0cjpe4","location":"winreg-app-global","version":"15.1.0","type":"extension","internalName":null,"updateURL":null,"updateKey":null,"optionsURL":null,"optionsType":null,"aboutURL":null,"iconURL":"chrome://vscore/content/ScriptFF.gif","icon64URL":null,"defaultLocale":{"name":"McAfee ScriptScan for Firefox","description":null,"creator":"McAfee, Inc.","homepageURL":null},"visible":true,"active":false,"userDisabled":true,"appDisabled":false,"descriptor":"C:\\Program Files\\Common Files\\McAfee\\SystemCore","installDate":1449261103026,"updateDate":1449261103026,"applyBackgroundUpdates":1,"bootstrap":false,"size":4090600,"sourceURI":null,"releaseNotesURI":null,"softDisabled":false,"foreignInstall":true,"hasBinaryComponents":false,"strictCompatibility":false,"locales":[],"targetApplications":[{"id":"{ec8030f7-c20a-464f-9b0e-13a3a9e97384}","minVersion":"1.5","maxVersion":"9.9"}],"targetPlatforms":[],"multiprocessCompatible":false,"signedState":0}
1449262576203	addons.xpi	DEBUG	Updating database with changes to installed add-ons
1449262576203	addons.xpi-utils	DEBUG	Updating add-on states
1449262576388	addons.xpi-utils	DEBUG	Writing add-ons list
1449262576510	addons.manager	DEBUG	Registering shutdown blocker for XPIProvider
1449262576510	addons.manager	DEBUG	Provider finished startup: XPIProvider
1449262576510	addons.manager	DEBUG	Starting provider: LightweightThemeManager
1449262576510	addons.manager	DEBUG	Registering shutdown blocker for LightweightThemeManager
1449262576511	addons.manager	DEBUG	Provider finished startup: LightweightThemeManager
1449262576511	addons.manager	DEBUG	Starting provider: GMPProvider
1449262576553	addons.manager	DEBUG	Registering shutdown blocker for GMPProvider
1449262576554	addons.manager	DEBUG	Provider finished startup: GMPProvider
1449262576554	addons.manager	DEBUG	Starting provider: PluginProvider
1449262576554	addons.manager	DEBUG	Registering shutdown blocker for PluginProvider
1449262576554	addons.manager	DEBUG	Provider finished startup: PluginProvider
1449262576555	addons.manager	DEBUG	Completed startup sequence

Build info: version: '2.47.1', revision: '411b314', time: '2015-07-30 02:56:46'
System info: host: '01250LT2368', ip: '10.8.130.158', os.name: 'Windows 7', os.arch: 'x86', os.version: '6.1', java.version: '1.8.0_60'
Driver info: driver.version: FirefoxDriver
	at org.openqa.selenium.firefox.internal.NewProfileExtensionConnection.start(NewProfileExtensionConnection.java:134)
	at org.openqa.selenium.firefox.FirefoxDriver.startClient(FirefoxDriver.java:276)
	at org.openqa.selenium.remote.RemoteWebDriver.<init>(RemoteWebDriver.java:116)
	at org.openqa.selenium.firefox.FirefoxDriver.<init>(FirefoxDriver.java:223)
	at org.openqa.selenium.firefox.FirefoxDriver.<init>(FirefoxDriver.java:216)
	at org.openqa.selenium.firefox.FirefoxDriver.<init>(FirefoxDriver.java:212)
	at org.openqa.selenium.firefox.FirefoxDriver.<init>(FirefoxDriver.java:125)
	at utilities.StartUp.openBrowser(StartUp.java:47)
	at sun.reflect.NativeMethodAccessorImpl.invoke0(Native Method)
	at sun.reflect.NativeMethodAccessorImpl.invoke(Unknown Source)
	at sun.reflect.DelegatingMethodAccessorImpl.invoke(Unknown Source)
	at java.lang.reflect.Method.invoke(Unknown Source)
	at org.testng.internal.MethodInvocationHelper.invokeMethod(MethodInvocationHelper.java:84)
	at org.testng.internal.Invoker.invokeConfigurationMethod(Invoker.java:564)
	at org.testng.internal.Invoker.invokeConfigurations(Invoker.java:213)
	at org.testng.internal.Invoker.invokeConfigurations(Invoker.java:138)
	at org.testng.SuiteRunner.privateRun(SuiteRunner.java:277)
	at org.testng.SuiteRunner.run(SuiteRunner.java:240)
	at org.testng.SuiteRunnerWorker.runSuite(SuiteRunnerWorker.java:52)
	at org.testng.SuiteRunnerWorker.run(SuiteRunnerWorker.java:86)
	at org.testng.TestNG.runSuitesSequentially(TestNG.java:1224)
	at org.testng.TestNG.runSuitesLocally(TestNG.java:1149)
	at org.testng.TestNG.run(TestNG.java:1057)
	at org.testng.remote.RemoteTestNG.run(RemoteTestNG.java:115)
	at org.testng.remote.RemoteTestNG.initAndRun(RemoteTestNG.java:207)
	at org.testng.remote.RemoteTestNG.main(RemoteTestNG.java:178)
Caused by: org.openqa.selenium.firefox.NotConnectedException: Unable to connect to host 127.0.0.1 on port 7055 after 45000 ms. Firefox console output:
xtensions.json	DEBUG	Save changes
1449262575116	DeferredSave.extensions.json	DEBUG	Save changes
1449262575117	addons.xpi	DEBUG	Updating XPIState for {"id":"{972ce4c6-7e08-4474-a285-3208198ce6fd}","syncGUID":"XIcsDmRfc4tY","location":"app-global","version":"42.0","type":"theme","internalName":"classic/1.0","updateURL":null,"updateKey":null,"optionsURL":null,"optionsType":null,"aboutURL":null,"iconURL":null,"icon64URL":null,"defaultLocale":{"name":"Default","description":"The default theme.","creator":"Mozilla","homepageURL":null,"contributors":["Mozilla Contributors"]},"visible":true,"active":true,"userDisabled":false,"appDisabled":false,"descriptor":"C:\\Program Files\\Mozilla Firefox\\browser\\extensions\\{972ce4c6-7e08-4474-a285-3208198ce6fd}","installDate":1447167314715,"updateDate":1447167314715,"applyBackgroundUpdates":1,"skinnable":true,"size":24301,"sourceURI":null,"releaseNotesURI":null,"softDisabled":false,"foreignInstall":false,"hasBinaryComponents":false,"strictCompatibility":true,"locales":[],"targetApplications":[{"id":"{ec8030f7-c20a-464f-9b0e-13a3a9e97384}","minVersion":"42.0","maxVersion":"42.0"}],"targetPlatforms":[]}
1449262575117	addons.xpi	DEBUG	getModTime: Recursive scan of {972ce4c6-7e08-4474-a285-3208198ce6fd}
1449262575118	addons.xpi	DEBUG	New add-on {D19CA586-DD6C-4a0a-96F8-14644F340D60} installed in winreg-app-global
1449262575160	DeferredSave.extensions.json	DEBUG	Starting write
1449262576200	addons.xpi	WARN	Disabling foreign installed add-on {D19CA586-DD6C-4a0a-96F8-14644F340D60} in winreg-app-global
1449262576201	addons.xpi-utils	DEBUG	Make addon winreg-app-global:{D19CA586-DD6C-4a0a-96F8-14644F340D60} visible
1449262576201	DeferredSave.extensions.json	DEBUG	Save changes
1449262576201	DeferredSave.extensions.json	DEBUG	Data changed while write in progress
1449262576202	DeferredSave.extensions.json	DEBUG	Save changes
1449262576202	addons.xpi	DEBUG	Updating XPIState for {"id":"{D19CA586-DD6C-4a0a-96F8-14644F340D60}","syncGUID":"EZfD7y0cjpe4","location":"winreg-app-global","version":"15.1.0","type":"extension","internalName":null,"updateURL":null,"updateKey":null,"optionsURL":null,"optionsType":null,"aboutURL":null,"iconURL":"chrome://vscore/content/ScriptFF.gif","icon64URL":null,"defaultLocale":{"name":"McAfee ScriptScan for Firefox","description":null,"creator":"McAfee, Inc.","homepageURL":null},"visible":true,"active":false,"userDisabled":true,"appDisabled":false,"descriptor":"C:\\Program Files\\Common Files\\McAfee\\SystemCore","installDate":1449261103026,"updateDate":1449261103026,"applyBackgroundUpdates":1,"bootstrap":false,"size":4090600,"sourceURI":null,"releaseNotesURI":null,"softDisabled":false,"foreignInstall":true,"hasBinaryComponents":false,"strictCompatibility":false,"locales":[],"targetApplications":[{"id":"{ec8030f7-c20a-464f-9b0e-13a3a9e97384}","minVersion":"1.5","maxVersion":"9.9"}],"targetPlatforms":[],"multiprocessCompatible":false,"signedState":0}
1449262576203	addons.xpi	DEBUG	Updating database with changes to installed add-ons
1449262576203	addons.xpi-utils	DEBUG	Updating add-on states
1449262576388	addons.xpi-utils	DEBUG	Writing add-ons list
1449262576510	addons.manager	DEBUG	Registering shutdown blocker for XPIProvider
1449262576510	addons.manager	DEBUG	Provider finished startup: XPIProvider
1449262576510	addons.manager	DEBUG	Starting provider: LightweightThemeManager
1449262576510	addons.manager	DEBUG	Registering shutdown blocker for LightweightThemeManager
1449262576511	addons.manager	DEBUG	Provider finished startup: LightweightThemeManager
1449262576511	addons.manager	DEBUG	Starting provider: GMPProvider
1449262576553	addons.manager	DEBUG	Registering shutdown blocker for GMPProvider
1449262576554	addons.manager	DEBUG	Provider finished startup: GMPProvider
1449262576554	addons.manager	DEBUG	Starting provider: PluginProvider
1449262576554	addons.manager	DEBUG	Registering shutdown blocker for PluginProvider
1449262576554	addons.manager	DEBUG	Provider finished startup: PluginProvider
1449262576555	addons.manager	DEBUG	Completed startup sequence

	at org.openqa.selenium.firefox.internal.NewProfileExtensionConnection.start(NewProfileExtensionConnection.java:122)
	... 25 more
]]>
    </failure>
  </testcase> <!-- verifyInvalidID -->
  <testcase name="validLogin" time="0.000" classname="testCase.TestCaseForLogin">
    <failure type="org.openqa.selenium.WebDriverException" message="Failed to connect to binary FirefoxBinary(C:\Program Files\Mozilla Firefox\firefox.exe) on port 7055; process output follows: 
xtensions.json	DEBUG	Save changes
1449262575116	DeferredSave.extensions.json	DEBUG	Save changes
1449262575117	addons.xpi	DEBUG	Updating XPIState for {&quot;id&quot;:&quot;{972ce4c6-7e08-4474-a285-3208198ce6fd}&quot;,&quot;syncGUID&quot;:&quot;XIcsDmRfc4tY&quot;,&quot;location&quot;:&quot;app-global&quot;,&quot;version&quot;:&quot;42.0&quot;,&quot;type&quot;:&quot;theme&quot;,&quot;internalName&quot;:&quot;classic/1.0&quot;,&quot;updateURL&quot;:null,&quot;updateKey&quot;:null,&quot;optionsURL&quot;:null,&quot;optionsType&quot;:null,&quot;aboutURL&quot;:null,&quot;iconURL&quot;:null,&quot;icon64URL&quot;:null,&quot;defaultLocale&quot;:{&quot;name&quot;:&quot;Default&quot;,&quot;description&quot;:&quot;The default theme.&quot;,&quot;creator&quot;:&quot;Mozilla&quot;,&quot;homepageURL&quot;:null,&quot;contributors&quot;:[&quot;Mozilla Contributors&quot;]},&quot;visible&quot;:true,&quot;active&quot;:true,&quot;userDisabled&quot;:false,&quot;appDisabled&quot;:false,&quot;descriptor&quot;:&quot;C:\\Program Files\\Mozilla Firefox\\browser\\extensions\\{972ce4c6-7e08-4474-a285-3208198ce6fd}&quot;,&quot;installDate&quot;:1447167314715,&quot;updateDate&quot;:1447167314715,&quot;applyBackgroundUpdates&quot;:1,&quot;skinnable&quot;:true,&quot;size&quot;:24301,&quot;sourceURI&quot;:null,&quot;releaseNotesURI&quot;:null,&quot;softDisabled&quot;:false,&quot;foreignInstall&quot;:false,&quot;hasBinaryComponents&quot;:false,&quot;strictCompatibility&quot;:true,&quot;locales&quot;:[],&quot;targetApplications&quot;:[{&quot;id&quot;:&quot;{ec8030f7-c20a-464f-9b0e-13a3a9e97384}&quot;,&quot;minVersion&quot;:&quot;42.0&quot;,&quot;maxVersion&quot;:&quot;42.0&quot;}],&quot;targetPlatforms&quot;:[]}
1449262575117	addons.xpi	DEBUG	getModTime: Recursive scan of {972ce4c6-7e08-4474-a285-3208198ce6fd}
1449262575118	addons.xpi	DEBUG	New add-on {D19CA586-DD6C-4a0a-96F8-14644F340D60} installed in winreg-app-global
1449262575160	DeferredSave.extensions.json	DEBUG	Starting write
1449262576200	addons.xpi	WARN	Disabling foreign installed add-on {D19CA586-DD6C-4a0a-96F8-14644F340D60} in winreg-app-global
1449262576201	addons.xpi-utils	DEBUG	Make addon winreg-app-global:{D19CA586-DD6C-4a0a-96F8-14644F340D60} visible
1449262576201	DeferredSave.extensions.json	DEBUG	Save changes
1449262576201	DeferredSave.extensions.json	DEBUG	Data changed while write in progress
1449262576202	DeferredSave.extensions.json	DEBUG	Save changes
1449262576202	addons.xpi	DEBUG	Updating XPIState for {&quot;id&quot;:&quot;{D19CA586-DD6C-4a0a-96F8-14644F340D60}&quot;,&quot;syncGUID&quot;:&quot;EZfD7y0cjpe4&quot;,&quot;location&quot;:&quot;winreg-app-global&quot;,&quot;version&quot;:&quot;15.1.0&quot;,&quot;type&quot;:&quot;extension&quot;,&quot;internalName&quot;:null,&quot;updateURL&quot;:null,&quot;updateKey&quot;:null,&quot;optionsURL&quot;:null,&quot;optionsType&quot;:null,&quot;aboutURL&quot;:null,&quot;iconURL&quot;:&quot;chrome://vscore/content/ScriptFF.gif&quot;,&quot;icon64URL&quot;:null,&quot;defaultLocale&quot;:{&quot;name&quot;:&quot;McAfee ScriptScan for Firefox&quot;,&quot;description&quot;:null,&quot;creator&quot;:&quot;McAfee, Inc.&quot;,&quot;homepageURL&quot;:null},&quot;visible&quot;:true,&quot;active&quot;:false,&quot;userDisabled&quot;:true,&quot;appDisabled&quot;:false,&quot;descriptor&quot;:&quot;C:\\Program Files\\Common Files\\McAfee\\SystemCore&quot;,&quot;installDate&quot;:1449261103026,&quot;updateDate&quot;:1449261103026,&quot;applyBackgroundUpdates&quot;:1,&quot;bootstrap&quot;:false,&quot;size&quot;:4090600,&quot;sourceURI&quot;:null,&quot;releaseNotesURI&quot;:null,&quot;softDisabled&quot;:false,&quot;foreignInstall&quot;:true,&quot;hasBinaryComponents&quot;:false,&quot;strictCompatibility&quot;:false,&quot;locales&quot;:[],&quot;targetApplications&quot;:[{&quot;id&quot;:&quot;{ec8030f7-c20a-464f-9b0e-13a3a9e97384}&quot;,&quot;minVersion&quot;:&quot;1.5&quot;,&quot;maxVersion&quot;:&quot;9.9&quot;}],&quot;targetPlatforms&quot;:[],&quot;multiprocessCompatible&quot;:false,&quot;signedState&quot;:0}
1449262576203	addons.xpi	DEBUG	Updating database with changes to installed add-ons
1449262576203	addons.xpi-utils	DEBUG	Updating add-on states
1449262576388	addons.xpi-utils	DEBUG	Writing add-ons list
1449262576510	addons.manager	DEBUG	Registering shutdown blocker for XPIProvider
1449262576510	addons.manager	DEBUG	Provider finished startup: XPIProvider
1449262576510	addons.manager	DEBUG	Starting provider: LightweightThemeManager
1449262576510	addons.manager	DEBUG	Registering shutdown blocker for LightweightThemeManager
1449262576511	addons.manager	DEBUG	Provider finished startup: LightweightThemeManager
1449262576511	addons.manager	DEBUG	Starting provider: GMPProvider
1449262576553	addons.manager	DEBUG	Registering shutdown blocker for GMPProvider
1449262576554	addons.manager	DEBUG	Provider finished startup: GMPProvider
1449262576554	addons.manager	DEBUG	Starting provider: PluginProvider
1449262576554	addons.manager	DEBUG	Registering shutdown blocker for PluginProvider
1449262576554	addons.manager	DEBUG	Provider finished startup: PluginProvider
1449262576555	addons.manager	DEBUG	Completed startup sequence

Build info: version: &#039;2.47.1&#039;, revision: &#039;411b314&#039;, time: &#039;2015-07-30 02:56:46&#039;
System info: host: &#039;01250LT2368&#039;, ip: &#039;10.8.130.158&#039;, os.name: &#039;Windows 7&#039;, os.arch: &#039;x86&#039;, os.version: &#039;6.1&#039;, java.version: &#039;1.8.0_60&#039;
Driver info: driver.version: FirefoxDriver">
      <![CDATA[org.openqa.selenium.WebDriverException: Failed to connect to binary FirefoxBinary(C:\Program Files\Mozilla Firefox\firefox.exe) on port 7055; process output follows: 
xtensions.json	DEBUG	Save changes
1449262575116	DeferredSave.extensions.json	DEBUG	Save changes
1449262575117	addons.xpi	DEBUG	Updating XPIState for {"id":"{972ce4c6-7e08-4474-a285-3208198ce6fd}","syncGUID":"XIcsDmRfc4tY","location":"app-global","version":"42.0","type":"theme","internalName":"classic/1.0","updateURL":null,"updateKey":null,"optionsURL":null,"optionsType":null,"aboutURL":null,"iconURL":null,"icon64URL":null,"defaultLocale":{"name":"Default","description":"The default theme.","creator":"Mozilla","homepageURL":null,"contributors":["Mozilla Contributors"]},"visible":true,"active":true,"userDisabled":false,"appDisabled":false,"descriptor":"C:\\Program Files\\Mozilla Firefox\\browser\\extensions\\{972ce4c6-7e08-4474-a285-3208198ce6fd}","installDate":1447167314715,"updateDate":1447167314715,"applyBackgroundUpdates":1,"skinnable":true,"size":24301,"sourceURI":null,"releaseNotesURI":null,"softDisabled":false,"foreignInstall":false,"hasBinaryComponents":false,"strictCompatibility":true,"locales":[],"targetApplications":[{"id":"{ec8030f7-c20a-464f-9b0e-13a3a9e97384}","minVersion":"42.0","maxVersion":"42.0"}],"targetPlatforms":[]}
1449262575117	addons.xpi	DEBUG	getModTime: Recursive scan of {972ce4c6-7e08-4474-a285-3208198ce6fd}
1449262575118	addons.xpi	DEBUG	New add-on {D19CA586-DD6C-4a0a-96F8-14644F340D60} installed in winreg-app-global
1449262575160	DeferredSave.extensions.json	DEBUG	Starting write
1449262576200	addons.xpi	WARN	Disabling foreign installed add-on {D19CA586-DD6C-4a0a-96F8-14644F340D60} in winreg-app-global
1449262576201	addons.xpi-utils	DEBUG	Make addon winreg-app-global:{D19CA586-DD6C-4a0a-96F8-14644F340D60} visible
1449262576201	DeferredSave.extensions.json	DEBUG	Save changes
1449262576201	DeferredSave.extensions.json	DEBUG	Data changed while write in progress
1449262576202	DeferredSave.extensions.json	DEBUG	Save changes
1449262576202	addons.xpi	DEBUG	Updating XPIState for {"id":"{D19CA586-DD6C-4a0a-96F8-14644F340D60}","syncGUID":"EZfD7y0cjpe4","location":"winreg-app-global","version":"15.1.0","type":"extension","internalName":null,"updateURL":null,"updateKey":null,"optionsURL":null,"optionsType":null,"aboutURL":null,"iconURL":"chrome://vscore/content/ScriptFF.gif","icon64URL":null,"defaultLocale":{"name":"McAfee ScriptScan for Firefox","description":null,"creator":"McAfee, Inc.","homepageURL":null},"visible":true,"active":false,"userDisabled":true,"appDisabled":false,"descriptor":"C:\\Program Files\\Common Files\\McAfee\\SystemCore","installDate":1449261103026,"updateDate":1449261103026,"applyBackgroundUpdates":1,"bootstrap":false,"size":4090600,"sourceURI":null,"releaseNotesURI":null,"softDisabled":false,"foreignInstall":true,"hasBinaryComponents":false,"strictCompatibility":false,"locales":[],"targetApplications":[{"id":"{ec8030f7-c20a-464f-9b0e-13a3a9e97384}","minVersion":"1.5","maxVersion":"9.9"}],"targetPlatforms":[],"multiprocessCompatible":false,"signedState":0}
1449262576203	addons.xpi	DEBUG	Updating database with changes to installed add-ons
1449262576203	addons.xpi-utils	DEBUG	Updating add-on states
1449262576388	addons.xpi-utils	DEBUG	Writing add-ons list
1449262576510	addons.manager	DEBUG	Registering shutdown blocker for XPIProvider
1449262576510	addons.manager	DEBUG	Provider finished startup: XPIProvider
1449262576510	addons.manager	DEBUG	Starting provider: LightweightThemeManager
1449262576510	addons.manager	DEBUG	Registering shutdown blocker for LightweightThemeManager
1449262576511	addons.manager	DEBUG	Provider finished startup: LightweightThemeManager
1449262576511	addons.manager	DEBUG	Starting provider: GMPProvider
1449262576553	addons.manager	DEBUG	Registering shutdown blocker for GMPProvider
1449262576554	addons.manager	DEBUG	Provider finished startup: GMPProvider
1449262576554	addons.manager	DEBUG	Starting provider: PluginProvider
1449262576554	addons.manager	DEBUG	Registering shutdown blocker for PluginProvider
1449262576554	addons.manager	DEBUG	Provider finished startup: PluginProvider
1449262576555	addons.manager	DEBUG	Completed startup sequence

Build info: version: '2.47.1', revision: '411b314', time: '2015-07-30 02:56:46'
System info: host: '01250LT2368', ip: '10.8.130.158', os.name: 'Windows 7', os.arch: 'x86', os.version: '6.1', java.version: '1.8.0_60'
Driver info: driver.version: FirefoxDriver
	at org.openqa.selenium.firefox.internal.NewProfileExtensionConnection.start(NewProfileExtensionConnection.java:134)
	at org.openqa.selenium.firefox.FirefoxDriver.startClient(FirefoxDriver.java:276)
	at org.openqa.selenium.remote.RemoteWebDriver.<init>(RemoteWebDriver.java:116)
	at org.openqa.selenium.firefox.FirefoxDriver.<init>(FirefoxDriver.java:223)
	at org.openqa.selenium.firefox.FirefoxDriver.<init>(FirefoxDriver.java:216)
	at org.openqa.selenium.firefox.FirefoxDriver.<init>(FirefoxDriver.java:212)
	at org.openqa.selenium.firefox.FirefoxDriver.<init>(FirefoxDriver.java:125)
	at utilities.StartUp.openBrowser(StartUp.java:47)
	at sun.reflect.NativeMethodAccessorImpl.invoke0(Native Method)
	at sun.reflect.NativeMethodAccessorImpl.invoke(Unknown Source)
	at sun.reflect.DelegatingMethodAccessorImpl.invoke(Unknown Source)
	at java.lang.reflect.Method.invoke(Unknown Source)
	at org.testng.internal.MethodInvocationHelper.invokeMethod(MethodInvocationHelper.java:84)
	at org.testng.internal.Invoker.invokeConfigurationMethod(Invoker.java:564)
	at org.testng.internal.Invoker.invokeConfigurations(Invoker.java:213)
	at org.testng.internal.Invoker.invokeConfigurations(Invoker.java:138)
	at org.testng.SuiteRunner.privateRun(SuiteRunner.java:277)
	at org.testng.SuiteRunner.run(SuiteRunner.java:240)
	at org.testng.SuiteRunnerWorker.runSuite(SuiteRunnerWorker.java:52)
	at org.testng.SuiteRunnerWorker.run(SuiteRunnerWorker.java:86)
	at org.testng.TestNG.runSuitesSequentially(TestNG.java:1224)
	at org.testng.TestNG.runSuitesLocally(TestNG.java:1149)
	at org.testng.TestNG.run(TestNG.java:1057)
	at org.testng.remote.RemoteTestNG.run(RemoteTestNG.java:115)
	at org.testng.remote.RemoteTestNG.initAndRun(RemoteTestNG.java:207)
	at org.testng.remote.RemoteTestNG.main(RemoteTestNG.java:178)
Caused by: org.openqa.selenium.firefox.NotConnectedException: Unable to connect to host 127.0.0.1 on port 7055 after 45000 ms. Firefox console output:
xtensions.json	DEBUG	Save changes
1449262575116	DeferredSave.extensions.json	DEBUG	Save changes
1449262575117	addons.xpi	DEBUG	Updating XPIState for {"id":"{972ce4c6-7e08-4474-a285-3208198ce6fd}","syncGUID":"XIcsDmRfc4tY","location":"app-global","version":"42.0","type":"theme","internalName":"classic/1.0","updateURL":null,"updateKey":null,"optionsURL":null,"optionsType":null,"aboutURL":null,"iconURL":null,"icon64URL":null,"defaultLocale":{"name":"Default","description":"The default theme.","creator":"Mozilla","homepageURL":null,"contributors":["Mozilla Contributors"]},"visible":true,"active":true,"userDisabled":false,"appDisabled":false,"descriptor":"C:\\Program Files\\Mozilla Firefox\\browser\\extensions\\{972ce4c6-7e08-4474-a285-3208198ce6fd}","installDate":1447167314715,"updateDate":1447167314715,"applyBackgroundUpdates":1,"skinnable":true,"size":24301,"sourceURI":null,"releaseNotesURI":null,"softDisabled":false,"foreignInstall":false,"hasBinaryComponents":false,"strictCompatibility":true,"locales":[],"targetApplications":[{"id":"{ec8030f7-c20a-464f-9b0e-13a3a9e97384}","minVersion":"42.0","maxVersion":"42.0"}],"targetPlatforms":[]}
1449262575117	addons.xpi	DEBUG	getModTime: Recursive scan of {972ce4c6-7e08-4474-a285-3208198ce6fd}
1449262575118	addons.xpi	DEBUG	New add-on {D19CA586-DD6C-4a0a-96F8-14644F340D60} installed in winreg-app-global
1449262575160	DeferredSave.extensions.json	DEBUG	Starting write
1449262576200	addons.xpi	WARN	Disabling foreign installed add-on {D19CA586-DD6C-4a0a-96F8-14644F340D60} in winreg-app-global
1449262576201	addons.xpi-utils	DEBUG	Make addon winreg-app-global:{D19CA586-DD6C-4a0a-96F8-14644F340D60} visible
1449262576201	DeferredSave.extensions.json	DEBUG	Save changes
1449262576201	DeferredSave.extensions.json	DEBUG	Data changed while write in progress
1449262576202	DeferredSave.extensions.json	DEBUG	Save changes
1449262576202	addons.xpi	DEBUG	Updating XPIState for {"id":"{D19CA586-DD6C-4a0a-96F8-14644F340D60}","syncGUID":"EZfD7y0cjpe4","location":"winreg-app-global","version":"15.1.0","type":"extension","internalName":null,"updateURL":null,"updateKey":null,"optionsURL":null,"optionsType":null,"aboutURL":null,"iconURL":"chrome://vscore/content/ScriptFF.gif","icon64URL":null,"defaultLocale":{"name":"McAfee ScriptScan for Firefox","description":null,"creator":"McAfee, Inc.","homepageURL":null},"visible":true,"active":false,"userDisabled":true,"appDisabled":false,"descriptor":"C:\\Program Files\\Common Files\\McAfee\\SystemCore","installDate":1449261103026,"updateDate":1449261103026,"applyBackgroundUpdates":1,"bootstrap":false,"size":4090600,"sourceURI":null,"releaseNotesURI":null,"softDisabled":false,"foreignInstall":true,"hasBinaryComponents":false,"strictCompatibility":false,"locales":[],"targetApplications":[{"id":"{ec8030f7-c20a-464f-9b0e-13a3a9e97384}","minVersion":"1.5","maxVersion":"9.9"}],"targetPlatforms":[],"multiprocessCompatible":false,"signedState":0}
1449262576203	addons.xpi	DEBUG	Updating database with changes to installed add-ons
1449262576203	addons.xpi-utils	DEBUG	Updating add-on states
1449262576388	addons.xpi-utils	DEBUG	Writing add-ons list
1449262576510	addons.manager	DEBUG	Registering shutdown blocker for XPIProvider
1449262576510	addons.manager	DEBUG	Provider finished startup: XPIProvider
1449262576510	addons.manager	DEBUG	Starting provider: LightweightThemeManager
1449262576510	addons.manager	DEBUG	Registering shutdown blocker for LightweightThemeManager
1449262576511	addons.manager	DEBUG	Provider finished startup: LightweightThemeManager
1449262576511	addons.manager	DEBUG	Starting provider: GMPProvider
1449262576553	addons.manager	DEBUG	Registering shutdown blocker for GMPProvider
1449262576554	addons.manager	DEBUG	Provider finished startup: GMPProvider
1449262576554	addons.manager	DEBUG	Starting provider: PluginProvider
1449262576554	addons.manager	DEBUG	Registering shutdown blocker for PluginProvider
1449262576554	addons.manager	DEBUG	Provider finished startup: PluginProvider
1449262576555	addons.manager	DEBUG	Completed startup sequence

	at org.openqa.selenium.firefox.internal.NewProfileExtensionConnection.start(NewProfileExtensionConnection.java:122)
	... 25 more
]]>
    </failure>
  </testcase> <!-- validLogin -->
  <testcase name="logIn" time="0.000" classname="testCase.TestCaseForLogin">
    <failure type="org.openqa.selenium.WebDriverException" message="Failed to connect to binary FirefoxBinary(C:\Program Files\Mozilla Firefox\firefox.exe) on port 7055; process output follows: 
xtensions.json	DEBUG	Save changes
1449262575116	DeferredSave.extensions.json	DEBUG	Save changes
1449262575117	addons.xpi	DEBUG	Updating XPIState for {&quot;id&quot;:&quot;{972ce4c6-7e08-4474-a285-3208198ce6fd}&quot;,&quot;syncGUID&quot;:&quot;XIcsDmRfc4tY&quot;,&quot;location&quot;:&quot;app-global&quot;,&quot;version&quot;:&quot;42.0&quot;,&quot;type&quot;:&quot;theme&quot;,&quot;internalName&quot;:&quot;classic/1.0&quot;,&quot;updateURL&quot;:null,&quot;updateKey&quot;:null,&quot;optionsURL&quot;:null,&quot;optionsType&quot;:null,&quot;aboutURL&quot;:null,&quot;iconURL&quot;:null,&quot;icon64URL&quot;:null,&quot;defaultLocale&quot;:{&quot;name&quot;:&quot;Default&quot;,&quot;description&quot;:&quot;The default theme.&quot;,&quot;creator&quot;:&quot;Mozilla&quot;,&quot;homepageURL&quot;:null,&quot;contributors&quot;:[&quot;Mozilla Contributors&quot;]},&quot;visible&quot;:true,&quot;active&quot;:true,&quot;userDisabled&quot;:false,&quot;appDisabled&quot;:false,&quot;descriptor&quot;:&quot;C:\\Program Files\\Mozilla Firefox\\browser\\extensions\\{972ce4c6-7e08-4474-a285-3208198ce6fd}&quot;,&quot;installDate&quot;:1447167314715,&quot;updateDate&quot;:1447167314715,&quot;applyBackgroundUpdates&quot;:1,&quot;skinnable&quot;:true,&quot;size&quot;:24301,&quot;sourceURI&quot;:null,&quot;releaseNotesURI&quot;:null,&quot;softDisabled&quot;:false,&quot;foreignInstall&quot;:false,&quot;hasBinaryComponents&quot;:false,&quot;strictCompatibility&quot;:true,&quot;locales&quot;:[],&quot;targetApplications&quot;:[{&quot;id&quot;:&quot;{ec8030f7-c20a-464f-9b0e-13a3a9e97384}&quot;,&quot;minVersion&quot;:&quot;42.0&quot;,&quot;maxVersion&quot;:&quot;42.0&quot;}],&quot;targetPlatforms&quot;:[]}
1449262575117	addons.xpi	DEBUG	getModTime: Recursive scan of {972ce4c6-7e08-4474-a285-3208198ce6fd}
1449262575118	addons.xpi	DEBUG	New add-on {D19CA586-DD6C-4a0a-96F8-14644F340D60} installed in winreg-app-global
1449262575160	DeferredSave.extensions.json	DEBUG	Starting write
1449262576200	addons.xpi	WARN	Disabling foreign installed add-on {D19CA586-DD6C-4a0a-96F8-14644F340D60} in winreg-app-global
1449262576201	addons.xpi-utils	DEBUG	Make addon winreg-app-global:{D19CA586-DD6C-4a0a-96F8-14644F340D60} visible
1449262576201	DeferredSave.extensions.json	DEBUG	Save changes
1449262576201	DeferredSave.extensions.json	DEBUG	Data changed while write in progress
1449262576202	DeferredSave.extensions.json	DEBUG	Save changes
1449262576202	addons.xpi	DEBUG	Updating XPIState for {&quot;id&quot;:&quot;{D19CA586-DD6C-4a0a-96F8-14644F340D60}&quot;,&quot;syncGUID&quot;:&quot;EZfD7y0cjpe4&quot;,&quot;location&quot;:&quot;winreg-app-global&quot;,&quot;version&quot;:&quot;15.1.0&quot;,&quot;type&quot;:&quot;extension&quot;,&quot;internalName&quot;:null,&quot;updateURL&quot;:null,&quot;updateKey&quot;:null,&quot;optionsURL&quot;:null,&quot;optionsType&quot;:null,&quot;aboutURL&quot;:null,&quot;iconURL&quot;:&quot;chrome://vscore/content/ScriptFF.gif&quot;,&quot;icon64URL&quot;:null,&quot;defaultLocale&quot;:{&quot;name&quot;:&quot;McAfee ScriptScan for Firefox&quot;,&quot;description&quot;:null,&quot;creator&quot;:&quot;McAfee, Inc.&quot;,&quot;homepageURL&quot;:null},&quot;visible&quot;:true,&quot;active&quot;:false,&quot;userDisabled&quot;:true,&quot;appDisabled&quot;:false,&quot;descriptor&quot;:&quot;C:\\Program Files\\Common Files\\McAfee\\SystemCore&quot;,&quot;installDate&quot;:1449261103026,&quot;updateDate&quot;:1449261103026,&quot;applyBackgroundUpdates&quot;:1,&quot;bootstrap&quot;:false,&quot;size&quot;:4090600,&quot;sourceURI&quot;:null,&quot;releaseNotesURI&quot;:null,&quot;softDisabled&quot;:false,&quot;foreignInstall&quot;:true,&quot;hasBinaryComponents&quot;:false,&quot;strictCompatibility&quot;:false,&quot;locales&quot;:[],&quot;targetApplications&quot;:[{&quot;id&quot;:&quot;{ec8030f7-c20a-464f-9b0e-13a3a9e97384}&quot;,&quot;minVersion&quot;:&quot;1.5&quot;,&quot;maxVersion&quot;:&quot;9.9&quot;}],&quot;targetPlatforms&quot;:[],&quot;multiprocessCompatible&quot;:false,&quot;signedState&quot;:0}
1449262576203	addons.xpi	DEBUG	Updating database with changes to installed add-ons
1449262576203	addons.xpi-utils	DEBUG	Updating add-on states
1449262576388	addons.xpi-utils	DEBUG	Writing add-ons list
1449262576510	addons.manager	DEBUG	Registering shutdown blocker for XPIProvider
1449262576510	addons.manager	DEBUG	Provider finished startup: XPIProvider
1449262576510	addons.manager	DEBUG	Starting provider: LightweightThemeManager
1449262576510	addons.manager	DEBUG	Registering shutdown blocker for LightweightThemeManager
1449262576511	addons.manager	DEBUG	Provider finished startup: LightweightThemeManager
1449262576511	addons.manager	DEBUG	Starting provider: GMPProvider
1449262576553	addons.manager	DEBUG	Registering shutdown blocker for GMPProvider
1449262576554	addons.manager	DEBUG	Provider finished startup: GMPProvider
1449262576554	addons.manager	DEBUG	Starting provider: PluginProvider
1449262576554	addons.manager	DEBUG	Registering shutdown blocker for PluginProvider
1449262576554	addons.manager	DEBUG	Provider finished startup: PluginProvider
1449262576555	addons.manager	DEBUG	Completed startup sequence

Build info: version: &#039;2.47.1&#039;, revision: &#039;411b314&#039;, time: &#039;2015-07-30 02:56:46&#039;
System info: host: &#039;01250LT2368&#039;, ip: &#039;10.8.130.158&#039;, os.name: &#039;Windows 7&#039;, os.arch: &#039;x86&#039;, os.version: &#039;6.1&#039;, java.version: &#039;1.8.0_60&#039;
Driver info: driver.version: FirefoxDriver">
      <![CDATA[org.openqa.selenium.WebDriverException: Failed to connect to binary FirefoxBinary(C:\Program Files\Mozilla Firefox\firefox.exe) on port 7055; process output follows: 
xtensions.json	DEBUG	Save changes
1449262575116	DeferredSave.extensions.json	DEBUG	Save changes
1449262575117	addons.xpi	DEBUG	Updating XPIState for {"id":"{972ce4c6-7e08-4474-a285-3208198ce6fd}","syncGUID":"XIcsDmRfc4tY","location":"app-global","version":"42.0","type":"theme","internalName":"classic/1.0","updateURL":null,"updateKey":null,"optionsURL":null,"optionsType":null,"aboutURL":null,"iconURL":null,"icon64URL":null,"defaultLocale":{"name":"Default","description":"The default theme.","creator":"Mozilla","homepageURL":null,"contributors":["Mozilla Contributors"]},"visible":true,"active":true,"userDisabled":false,"appDisabled":false,"descriptor":"C:\\Program Files\\Mozilla Firefox\\browser\\extensions\\{972ce4c6-7e08-4474-a285-3208198ce6fd}","installDate":1447167314715,"updateDate":1447167314715,"applyBackgroundUpdates":1,"skinnable":true,"size":24301,"sourceURI":null,"releaseNotesURI":null,"softDisabled":false,"foreignInstall":false,"hasBinaryComponents":false,"strictCompatibility":true,"locales":[],"targetApplications":[{"id":"{ec8030f7-c20a-464f-9b0e-13a3a9e97384}","minVersion":"42.0","maxVersion":"42.0"}],"targetPlatforms":[]}
1449262575117	addons.xpi	DEBUG	getModTime: Recursive scan of {972ce4c6-7e08-4474-a285-3208198ce6fd}
1449262575118	addons.xpi	DEBUG	New add-on {D19CA586-DD6C-4a0a-96F8-14644F340D60} installed in winreg-app-global
1449262575160	DeferredSave.extensions.json	DEBUG	Starting write
1449262576200	addons.xpi	WARN	Disabling foreign installed add-on {D19CA586-DD6C-4a0a-96F8-14644F340D60} in winreg-app-global
1449262576201	addons.xpi-utils	DEBUG	Make addon winreg-app-global:{D19CA586-DD6C-4a0a-96F8-14644F340D60} visible
1449262576201	DeferredSave.extensions.json	DEBUG	Save changes
1449262576201	DeferredSave.extensions.json	DEBUG	Data changed while write in progress
1449262576202	DeferredSave.extensions.json	DEBUG	Save changes
1449262576202	addons.xpi	DEBUG	Updating XPIState for {"id":"{D19CA586-DD6C-4a0a-96F8-14644F340D60}","syncGUID":"EZfD7y0cjpe4","location":"winreg-app-global","version":"15.1.0","type":"extension","internalName":null,"updateURL":null,"updateKey":null,"optionsURL":null,"optionsType":null,"aboutURL":null,"iconURL":"chrome://vscore/content/ScriptFF.gif","icon64URL":null,"defaultLocale":{"name":"McAfee ScriptScan for Firefox","description":null,"creator":"McAfee, Inc.","homepageURL":null},"visible":true,"active":false,"userDisabled":true,"appDisabled":false,"descriptor":"C:\\Program Files\\Common Files\\McAfee\\SystemCore","installDate":1449261103026,"updateDate":1449261103026,"applyBackgroundUpdates":1,"bootstrap":false,"size":4090600,"sourceURI":null,"releaseNotesURI":null,"softDisabled":false,"foreignInstall":true,"hasBinaryComponents":false,"strictCompatibility":false,"locales":[],"targetApplications":[{"id":"{ec8030f7-c20a-464f-9b0e-13a3a9e97384}","minVersion":"1.5","maxVersion":"9.9"}],"targetPlatforms":[],"multiprocessCompatible":false,"signedState":0}
1449262576203	addons.xpi	DEBUG	Updating database with changes to installed add-ons
1449262576203	addons.xpi-utils	DEBUG	Updating add-on states
1449262576388	addons.xpi-utils	DEBUG	Writing add-ons list
1449262576510	addons.manager	DEBUG	Registering shutdown blocker for XPIProvider
1449262576510	addons.manager	DEBUG	Provider finished startup: XPIProvider
1449262576510	addons.manager	DEBUG	Starting provider: LightweightThemeManager
1449262576510	addons.manager	DEBUG	Registering shutdown blocker for LightweightThemeManager
1449262576511	addons.manager	DEBUG	Provider finished startup: LightweightThemeManager
1449262576511	addons.manager	DEBUG	Starting provider: GMPProvider
1449262576553	addons.manager	DEBUG	Registering shutdown blocker for GMPProvider
1449262576554	addons.manager	DEBUG	Provider finished startup: GMPProvider
1449262576554	addons.manager	DEBUG	Starting provider: PluginProvider
1449262576554	addons.manager	DEBUG	Registering shutdown blocker for PluginProvider
1449262576554	addons.manager	DEBUG	Provider finished startup: PluginProvider
1449262576555	addons.manager	DEBUG	Completed startup sequence

Build info: version: '2.47.1', revision: '411b314', time: '2015-07-30 02:56:46'
System info: host: '01250LT2368', ip: '10.8.130.158', os.name: 'Windows 7', os.arch: 'x86', os.version: '6.1', java.version: '1.8.0_60'
Driver info: driver.version: FirefoxDriver
	at org.openqa.selenium.firefox.internal.NewProfileExtensionConnection.start(NewProfileExtensionConnection.java:134)
	at org.openqa.selenium.firefox.FirefoxDriver.startClient(FirefoxDriver.java:276)
	at org.openqa.selenium.remote.RemoteWebDriver.<init>(RemoteWebDriver.java:116)
	at org.openqa.selenium.firefox.FirefoxDriver.<init>(FirefoxDriver.java:223)
	at org.openqa.selenium.firefox.FirefoxDriver.<init>(FirefoxDriver.java:216)
	at org.openqa.selenium.firefox.FirefoxDriver.<init>(FirefoxDriver.java:212)
	at org.openqa.selenium.firefox.FirefoxDriver.<init>(FirefoxDriver.java:125)
	at utilities.StartUp.openBrowser(StartUp.java:47)
	at sun.reflect.NativeMethodAccessorImpl.invoke0(Native Method)
	at sun.reflect.NativeMethodAccessorImpl.invoke(Unknown Source)
	at sun.reflect.DelegatingMethodAccessorImpl.invoke(Unknown Source)
	at java.lang.reflect.Method.invoke(Unknown Source)
	at org.testng.internal.MethodInvocationHelper.invokeMethod(MethodInvocationHelper.java:84)
	at org.testng.internal.Invoker.invokeConfigurationMethod(Invoker.java:564)
	at org.testng.internal.Invoker.invokeConfigurations(Invoker.java:213)
	at org.testng.internal.Invoker.invokeConfigurations(Invoker.java:138)
	at org.testng.SuiteRunner.privateRun(SuiteRunner.java:277)
	at org.testng.SuiteRunner.run(SuiteRunner.java:240)
	at org.testng.SuiteRunnerWorker.runSuite(SuiteRunnerWorker.java:52)
	at org.testng.SuiteRunnerWorker.run(SuiteRunnerWorker.java:86)
	at org.testng.TestNG.runSuitesSequentially(TestNG.java:1224)
	at org.testng.TestNG.runSuitesLocally(TestNG.java:1149)
	at org.testng.TestNG.run(TestNG.java:1057)
	at org.testng.remote.RemoteTestNG.run(RemoteTestNG.java:115)
	at org.testng.remote.RemoteTestNG.initAndRun(RemoteTestNG.java:207)
	at org.testng.remote.RemoteTestNG.main(RemoteTestNG.java:178)
Caused by: org.openqa.selenium.firefox.NotConnectedException: Unable to connect to host 127.0.0.1 on port 7055 after 45000 ms. Firefox console output:
xtensions.json	DEBUG	Save changes
1449262575116	DeferredSave.extensions.json	DEBUG	Save changes
1449262575117	addons.xpi	DEBUG	Updating XPIState for {"id":"{972ce4c6-7e08-4474-a285-3208198ce6fd}","syncGUID":"XIcsDmRfc4tY","location":"app-global","version":"42.0","type":"theme","internalName":"classic/1.0","updateURL":null,"updateKey":null,"optionsURL":null,"optionsType":null,"aboutURL":null,"iconURL":null,"icon64URL":null,"defaultLocale":{"name":"Default","description":"The default theme.","creator":"Mozilla","homepageURL":null,"contributors":["Mozilla Contributors"]},"visible":true,"active":true,"userDisabled":false,"appDisabled":false,"descriptor":"C:\\Program Files\\Mozilla Firefox\\browser\\extensions\\{972ce4c6-7e08-4474-a285-3208198ce6fd}","installDate":1447167314715,"updateDate":1447167314715,"applyBackgroundUpdates":1,"skinnable":true,"size":24301,"sourceURI":null,"releaseNotesURI":null,"softDisabled":false,"foreignInstall":false,"hasBinaryComponents":false,"strictCompatibility":true,"locales":[],"targetApplications":[{"id":"{ec8030f7-c20a-464f-9b0e-13a3a9e97384}","minVersion":"42.0","maxVersion":"42.0"}],"targetPlatforms":[]}
1449262575117	addons.xpi	DEBUG	getModTime: Recursive scan of {972ce4c6-7e08-4474-a285-3208198ce6fd}
1449262575118	addons.xpi	DEBUG	New add-on {D19CA586-DD6C-4a0a-96F8-14644F340D60} installed in winreg-app-global
1449262575160	DeferredSave.extensions.json	DEBUG	Starting write
1449262576200	addons.xpi	WARN	Disabling foreign installed add-on {D19CA586-DD6C-4a0a-96F8-14644F340D60} in winreg-app-global
1449262576201	addons.xpi-utils	DEBUG	Make addon winreg-app-global:{D19CA586-DD6C-4a0a-96F8-14644F340D60} visible
1449262576201	DeferredSave.extensions.json	DEBUG	Save changes
1449262576201	DeferredSave.extensions.json	DEBUG	Data changed while write in progress
1449262576202	DeferredSave.extensions.json	DEBUG	Save changes
1449262576202	addons.xpi	DEBUG	Updating XPIState for {"id":"{D19CA586-DD6C-4a0a-96F8-14644F340D60}","syncGUID":"EZfD7y0cjpe4","location":"winreg-app-global","version":"15.1.0","type":"extension","internalName":null,"updateURL":null,"updateKey":null,"optionsURL":null,"optionsType":null,"aboutURL":null,"iconURL":"chrome://vscore/content/ScriptFF.gif","icon64URL":null,"defaultLocale":{"name":"McAfee ScriptScan for Firefox","description":null,"creator":"McAfee, Inc.","homepageURL":null},"visible":true,"active":false,"userDisabled":true,"appDisabled":false,"descriptor":"C:\\Program Files\\Common Files\\McAfee\\SystemCore","installDate":1449261103026,"updateDate":1449261103026,"applyBackgroundUpdates":1,"bootstrap":false,"size":4090600,"sourceURI":null,"releaseNotesURI":null,"softDisabled":false,"foreignInstall":true,"hasBinaryComponents":false,"strictCompatibility":false,"locales":[],"targetApplications":[{"id":"{ec8030f7-c20a-464f-9b0e-13a3a9e97384}","minVersion":"1.5","maxVersion":"9.9"}],"targetPlatforms":[],"multiprocessCompatible":false,"signedState":0}
1449262576203	addons.xpi	DEBUG	Updating database with changes to installed add-ons
1449262576203	addons.xpi-utils	DEBUG	Updating add-on states
1449262576388	addons.xpi-utils	DEBUG	Writing add-ons list
1449262576510	addons.manager	DEBUG	Registering shutdown blocker for XPIProvider
1449262576510	addons.manager	DEBUG	Provider finished startup: XPIProvider
1449262576510	addons.manager	DEBUG	Starting provider: LightweightThemeManager
1449262576510	addons.manager	DEBUG	Registering shutdown blocker for LightweightThemeManager
1449262576511	addons.manager	DEBUG	Provider finished startup: LightweightThemeManager
1449262576511	addons.manager	DEBUG	Starting provider: GMPProvider
1449262576553	addons.manager	DEBUG	Registering shutdown blocker for GMPProvider
1449262576554	addons.manager	DEBUG	Provider finished startup: GMPProvider
1449262576554	addons.manager	DEBUG	Starting provider: PluginProvider
1449262576554	addons.manager	DEBUG	Registering shutdown blocker for PluginProvider
1449262576554	addons.manager	DEBUG	Provider finished startup: PluginProvider
1449262576555	addons.manager	DEBUG	Completed startup sequence

	at org.openqa.selenium.firefox.internal.NewProfileExtensionConnection.start(NewProfileExtensionConnection.java:122)
	... 25 more
]]>
    </failure>
  </testcase> <!-- logIn -->
  <testcase name="verifyRemebarMeCheckBox" time="0.000" classname="testCase.TestCaseForLogin">
    <failure type="org.openqa.selenium.WebDriverException" message="Failed to connect to binary FirefoxBinary(C:\Program Files\Mozilla Firefox\firefox.exe) on port 7055; process output follows: 
xtensions.json	DEBUG	Save changes
1449262575116	DeferredSave.extensions.json	DEBUG	Save changes
1449262575117	addons.xpi	DEBUG	Updating XPIState for {&quot;id&quot;:&quot;{972ce4c6-7e08-4474-a285-3208198ce6fd}&quot;,&quot;syncGUID&quot;:&quot;XIcsDmRfc4tY&quot;,&quot;location&quot;:&quot;app-global&quot;,&quot;version&quot;:&quot;42.0&quot;,&quot;type&quot;:&quot;theme&quot;,&quot;internalName&quot;:&quot;classic/1.0&quot;,&quot;updateURL&quot;:null,&quot;updateKey&quot;:null,&quot;optionsURL&quot;:null,&quot;optionsType&quot;:null,&quot;aboutURL&quot;:null,&quot;iconURL&quot;:null,&quot;icon64URL&quot;:null,&quot;defaultLocale&quot;:{&quot;name&quot;:&quot;Default&quot;,&quot;description&quot;:&quot;The default theme.&quot;,&quot;creator&quot;:&quot;Mozilla&quot;,&quot;homepageURL&quot;:null,&quot;contributors&quot;:[&quot;Mozilla Contributors&quot;]},&quot;visible&quot;:true,&quot;active&quot;:true,&quot;userDisabled&quot;:false,&quot;appDisabled&quot;:false,&quot;descriptor&quot;:&quot;C:\\Program Files\\Mozilla Firefox\\browser\\extensions\\{972ce4c6-7e08-4474-a285-3208198ce6fd}&quot;,&quot;installDate&quot;:1447167314715,&quot;updateDate&quot;:1447167314715,&quot;applyBackgroundUpdates&quot;:1,&quot;skinnable&quot;:true,&quot;size&quot;:24301,&quot;sourceURI&quot;:null,&quot;releaseNotesURI&quot;:null,&quot;softDisabled&quot;:false,&quot;foreignInstall&quot;:false,&quot;hasBinaryComponents&quot;:false,&quot;strictCompatibility&quot;:true,&quot;locales&quot;:[],&quot;targetApplications&quot;:[{&quot;id&quot;:&quot;{ec8030f7-c20a-464f-9b0e-13a3a9e97384}&quot;,&quot;minVersion&quot;:&quot;42.0&quot;,&quot;maxVersion&quot;:&quot;42.0&quot;}],&quot;targetPlatforms&quot;:[]}
1449262575117	addons.xpi	DEBUG	getModTime: Recursive scan of {972ce4c6-7e08-4474-a285-3208198ce6fd}
1449262575118	addons.xpi	DEBUG	New add-on {D19CA586-DD6C-4a0a-96F8-14644F340D60} installed in winreg-app-global
1449262575160	DeferredSave.extensions.json	DEBUG	Starting write
1449262576200	addons.xpi	WARN	Disabling foreign installed add-on {D19CA586-DD6C-4a0a-96F8-14644F340D60} in winreg-app-global
1449262576201	addons.xpi-utils	DEBUG	Make addon winreg-app-global:{D19CA586-DD6C-4a0a-96F8-14644F340D60} visible
1449262576201	DeferredSave.extensions.json	DEBUG	Save changes
1449262576201	DeferredSave.extensions.json	DEBUG	Data changed while write in progress
1449262576202	DeferredSave.extensions.json	DEBUG	Save changes
1449262576202	addons.xpi	DEBUG	Updating XPIState for {&quot;id&quot;:&quot;{D19CA586-DD6C-4a0a-96F8-14644F340D60}&quot;,&quot;syncGUID&quot;:&quot;EZfD7y0cjpe4&quot;,&quot;location&quot;:&quot;winreg-app-global&quot;,&quot;version&quot;:&quot;15.1.0&quot;,&quot;type&quot;:&quot;extension&quot;,&quot;internalName&quot;:null,&quot;updateURL&quot;:null,&quot;updateKey&quot;:null,&quot;optionsURL&quot;:null,&quot;optionsType&quot;:null,&quot;aboutURL&quot;:null,&quot;iconURL&quot;:&quot;chrome://vscore/content/ScriptFF.gif&quot;,&quot;icon64URL&quot;:null,&quot;defaultLocale&quot;:{&quot;name&quot;:&quot;McAfee ScriptScan for Firefox&quot;,&quot;description&quot;:null,&quot;creator&quot;:&quot;McAfee, Inc.&quot;,&quot;homepageURL&quot;:null},&quot;visible&quot;:true,&quot;active&quot;:false,&quot;userDisabled&quot;:true,&quot;appDisabled&quot;:false,&quot;descriptor&quot;:&quot;C:\\Program Files\\Common Files\\McAfee\\SystemCore&quot;,&quot;installDate&quot;:1449261103026,&quot;updateDate&quot;:1449261103026,&quot;applyBackgroundUpdates&quot;:1,&quot;bootstrap&quot;:false,&quot;size&quot;:4090600,&quot;sourceURI&quot;:null,&quot;releaseNotesURI&quot;:null,&quot;softDisabled&quot;:false,&quot;foreignInstall&quot;:true,&quot;hasBinaryComponents&quot;:false,&quot;strictCompatibility&quot;:false,&quot;locales&quot;:[],&quot;targetApplications&quot;:[{&quot;id&quot;:&quot;{ec8030f7-c20a-464f-9b0e-13a3a9e97384}&quot;,&quot;minVersion&quot;:&quot;1.5&quot;,&quot;maxVersion&quot;:&quot;9.9&quot;}],&quot;targetPlatforms&quot;:[],&quot;multiprocessCompatible&quot;:false,&quot;signedState&quot;:0}
1449262576203	addons.xpi	DEBUG	Updating database with changes to installed add-ons
1449262576203	addons.xpi-utils	DEBUG	Updating add-on states
1449262576388	addons.xpi-utils	DEBUG	Writing add-ons list
1449262576510	addons.manager	DEBUG	Registering shutdown blocker for XPIProvider
1449262576510	addons.manager	DEBUG	Provider finished startup: XPIProvider
1449262576510	addons.manager	DEBUG	Starting provider: LightweightThemeManager
1449262576510	addons.manager	DEBUG	Registering shutdown blocker for LightweightThemeManager
1449262576511	addons.manager	DEBUG	Provider finished startup: LightweightThemeManager
1449262576511	addons.manager	DEBUG	Starting provider: GMPProvider
1449262576553	addons.manager	DEBUG	Registering shutdown blocker for GMPProvider
1449262576554	addons.manager	DEBUG	Provider finished startup: GMPProvider
1449262576554	addons.manager	DEBUG	Starting provider: PluginProvider
1449262576554	addons.manager	DEBUG	Registering shutdown blocker for PluginProvider
1449262576554	addons.manager	DEBUG	Provider finished startup: PluginProvider
1449262576555	addons.manager	DEBUG	Completed startup sequence

Build info: version: &#039;2.47.1&#039;, revision: &#039;411b314&#039;, time: &#039;2015-07-30 02:56:46&#039;
System info: host: &#039;01250LT2368&#039;, ip: &#039;10.8.130.158&#039;, os.name: &#039;Windows 7&#039;, os.arch: &#039;x86&#039;, os.version: &#039;6.1&#039;, java.version: &#039;1.8.0_60&#039;
Driver info: driver.version: FirefoxDriver">
      <![CDATA[org.openqa.selenium.WebDriverException: Failed to connect to binary FirefoxBinary(C:\Program Files\Mozilla Firefox\firefox.exe) on port 7055; process output follows: 
xtensions.json	DEBUG	Save changes
1449262575116	DeferredSave.extensions.json	DEBUG	Save changes
1449262575117	addons.xpi	DEBUG	Updating XPIState for {"id":"{972ce4c6-7e08-4474-a285-3208198ce6fd}","syncGUID":"XIcsDmRfc4tY","location":"app-global","version":"42.0","type":"theme","internalName":"classic/1.0","updateURL":null,"updateKey":null,"optionsURL":null,"optionsType":null,"aboutURL":null,"iconURL":null,"icon64URL":null,"defaultLocale":{"name":"Default","description":"The default theme.","creator":"Mozilla","homepageURL":null,"contributors":["Mozilla Contributors"]},"visible":true,"active":true,"userDisabled":false,"appDisabled":false,"descriptor":"C:\\Program Files\\Mozilla Firefox\\browser\\extensions\\{972ce4c6-7e08-4474-a285-3208198ce6fd}","installDate":1447167314715,"updateDate":1447167314715,"applyBackgroundUpdates":1,"skinnable":true,"size":24301,"sourceURI":null,"releaseNotesURI":null,"softDisabled":false,"foreignInstall":false,"hasBinaryComponents":false,"strictCompatibility":true,"locales":[],"targetApplications":[{"id":"{ec8030f7-c20a-464f-9b0e-13a3a9e97384}","minVersion":"42.0","maxVersion":"42.0"}],"targetPlatforms":[]}
1449262575117	addons.xpi	DEBUG	getModTime: Recursive scan of {972ce4c6-7e08-4474-a285-3208198ce6fd}
1449262575118	addons.xpi	DEBUG	New add-on {D19CA586-DD6C-4a0a-96F8-14644F340D60} installed in winreg-app-global
1449262575160	DeferredSave.extensions.json	DEBUG	Starting write
1449262576200	addons.xpi	WARN	Disabling foreign installed add-on {D19CA586-DD6C-4a0a-96F8-14644F340D60} in winreg-app-global
1449262576201	addons.xpi-utils	DEBUG	Make addon winreg-app-global:{D19CA586-DD6C-4a0a-96F8-14644F340D60} visible
1449262576201	DeferredSave.extensions.json	DEBUG	Save changes
1449262576201	DeferredSave.extensions.json	DEBUG	Data changed while write in progress
1449262576202	DeferredSave.extensions.json	DEBUG	Save changes
1449262576202	addons.xpi	DEBUG	Updating XPIState for {"id":"{D19CA586-DD6C-4a0a-96F8-14644F340D60}","syncGUID":"EZfD7y0cjpe4","location":"winreg-app-global","version":"15.1.0","type":"extension","internalName":null,"updateURL":null,"updateKey":null,"optionsURL":null,"optionsType":null,"aboutURL":null,"iconURL":"chrome://vscore/content/ScriptFF.gif","icon64URL":null,"defaultLocale":{"name":"McAfee ScriptScan for Firefox","description":null,"creator":"McAfee, Inc.","homepageURL":null},"visible":true,"active":false,"userDisabled":true,"appDisabled":false,"descriptor":"C:\\Program Files\\Common Files\\McAfee\\SystemCore","installDate":1449261103026,"updateDate":1449261103026,"applyBackgroundUpdates":1,"bootstrap":false,"size":4090600,"sourceURI":null,"releaseNotesURI":null,"softDisabled":false,"foreignInstall":true,"hasBinaryComponents":false,"strictCompatibility":false,"locales":[],"targetApplications":[{"id":"{ec8030f7-c20a-464f-9b0e-13a3a9e97384}","minVersion":"1.5","maxVersion":"9.9"}],"targetPlatforms":[],"multiprocessCompatible":false,"signedState":0}
1449262576203	addons.xpi	DEBUG	Updating database with changes to installed add-ons
1449262576203	addons.xpi-utils	DEBUG	Updating add-on states
1449262576388	addons.xpi-utils	DEBUG	Writing add-ons list
1449262576510	addons.manager	DEBUG	Registering shutdown blocker for XPIProvider
1449262576510	addons.manager	DEBUG	Provider finished startup: XPIProvider
1449262576510	addons.manager	DEBUG	Starting provider: LightweightThemeManager
1449262576510	addons.manager	DEBUG	Registering shutdown blocker for LightweightThemeManager
1449262576511	addons.manager	DEBUG	Provider finished startup: LightweightThemeManager
1449262576511	addons.manager	DEBUG	Starting provider: GMPProvider
1449262576553	addons.manager	DEBUG	Registering shutdown blocker for GMPProvider
1449262576554	addons.manager	DEBUG	Provider finished startup: GMPProvider
1449262576554	addons.manager	DEBUG	Starting provider: PluginProvider
1449262576554	addons.manager	DEBUG	Registering shutdown blocker for PluginProvider
1449262576554	addons.manager	DEBUG	Provider finished startup: PluginProvider
1449262576555	addons.manager	DEBUG	Completed startup sequence

Build info: version: '2.47.1', revision: '411b314', time: '2015-07-30 02:56:46'
System info: host: '01250LT2368', ip: '10.8.130.158', os.name: 'Windows 7', os.arch: 'x86', os.version: '6.1', java.version: '1.8.0_60'
Driver info: driver.version: FirefoxDriver
	at org.openqa.selenium.firefox.internal.NewProfileExtensionConnection.start(NewProfileExtensionConnection.java:134)
	at org.openqa.selenium.firefox.FirefoxDriver.startClient(FirefoxDriver.java:276)
	at org.openqa.selenium.remote.RemoteWebDriver.<init>(RemoteWebDriver.java:116)
	at org.openqa.selenium.firefox.FirefoxDriver.<init>(FirefoxDriver.java:223)
	at org.openqa.selenium.firefox.FirefoxDriver.<init>(FirefoxDriver.java:216)
	at org.openqa.selenium.firefox.FirefoxDriver.<init>(FirefoxDriver.java:212)
	at org.openqa.selenium.firefox.FirefoxDriver.<init>(FirefoxDriver.java:125)
	at utilities.StartUp.openBrowser(StartUp.java:47)
	at sun.reflect.NativeMethodAccessorImpl.invoke0(Native Method)
	at sun.reflect.NativeMethodAccessorImpl.invoke(Unknown Source)
	at sun.reflect.DelegatingMethodAccessorImpl.invoke(Unknown Source)
	at java.lang.reflect.Method.invoke(Unknown Source)
	at org.testng.internal.MethodInvocationHelper.invokeMethod(MethodInvocationHelper.java:84)
	at org.testng.internal.Invoker.invokeConfigurationMethod(Invoker.java:564)
	at org.testng.internal.Invoker.invokeConfigurations(Invoker.java:213)
	at org.testng.internal.Invoker.invokeConfigurations(Invoker.java:138)
	at org.testng.SuiteRunner.privateRun(SuiteRunner.java:277)
	at org.testng.SuiteRunner.run(SuiteRunner.java:240)
	at org.testng.SuiteRunnerWorker.runSuite(SuiteRunnerWorker.java:52)
	at org.testng.SuiteRunnerWorker.run(SuiteRunnerWorker.java:86)
	at org.testng.TestNG.runSuitesSequentially(TestNG.java:1224)
	at org.testng.TestNG.runSuitesLocally(TestNG.java:1149)
	at org.testng.TestNG.run(TestNG.java:1057)
	at org.testng.remote.RemoteTestNG.run(RemoteTestNG.java:115)
	at org.testng.remote.RemoteTestNG.initAndRun(RemoteTestNG.java:207)
	at org.testng.remote.RemoteTestNG.main(RemoteTestNG.java:178)
Caused by: org.openqa.selenium.firefox.NotConnectedException: Unable to connect to host 127.0.0.1 on port 7055 after 45000 ms. Firefox console output:
xtensions.json	DEBUG	Save changes
1449262575116	DeferredSave.extensions.json	DEBUG	Save changes
1449262575117	addons.xpi	DEBUG	Updating XPIState for {"id":"{972ce4c6-7e08-4474-a285-3208198ce6fd}","syncGUID":"XIcsDmRfc4tY","location":"app-global","version":"42.0","type":"theme","internalName":"classic/1.0","updateURL":null,"updateKey":null,"optionsURL":null,"optionsType":null,"aboutURL":null,"iconURL":null,"icon64URL":null,"defaultLocale":{"name":"Default","description":"The default theme.","creator":"Mozilla","homepageURL":null,"contributors":["Mozilla Contributors"]},"visible":true,"active":true,"userDisabled":false,"appDisabled":false,"descriptor":"C:\\Program Files\\Mozilla Firefox\\browser\\extensions\\{972ce4c6-7e08-4474-a285-3208198ce6fd}","installDate":1447167314715,"updateDate":1447167314715,"applyBackgroundUpdates":1,"skinnable":true,"size":24301,"sourceURI":null,"releaseNotesURI":null,"softDisabled":false,"foreignInstall":false,"hasBinaryComponents":false,"strictCompatibility":true,"locales":[],"targetApplications":[{"id":"{ec8030f7-c20a-464f-9b0e-13a3a9e97384}","minVersion":"42.0","maxVersion":"42.0"}],"targetPlatforms":[]}
1449262575117	addons.xpi	DEBUG	getModTime: Recursive scan of {972ce4c6-7e08-4474-a285-3208198ce6fd}
1449262575118	addons.xpi	DEBUG	New add-on {D19CA586-DD6C-4a0a-96F8-14644F340D60} installed in winreg-app-global
1449262575160	DeferredSave.extensions.json	DEBUG	Starting write
1449262576200	addons.xpi	WARN	Disabling foreign installed add-on {D19CA586-DD6C-4a0a-96F8-14644F340D60} in winreg-app-global
1449262576201	addons.xpi-utils	DEBUG	Make addon winreg-app-global:{D19CA586-DD6C-4a0a-96F8-14644F340D60} visible
1449262576201	DeferredSave.extensions.json	DEBUG	Save changes
1449262576201	DeferredSave.extensions.json	DEBUG	Data changed while write in progress
1449262576202	DeferredSave.extensions.json	DEBUG	Save changes
1449262576202	addons.xpi	DEBUG	Updating XPIState for {"id":"{D19CA586-DD6C-4a0a-96F8-14644F340D60}","syncGUID":"EZfD7y0cjpe4","location":"winreg-app-global","version":"15.1.0","type":"extension","internalName":null,"updateURL":null,"updateKey":null,"optionsURL":null,"optionsType":null,"aboutURL":null,"iconURL":"chrome://vscore/content/ScriptFF.gif","icon64URL":null,"defaultLocale":{"name":"McAfee ScriptScan for Firefox","description":null,"creator":"McAfee, Inc.","homepageURL":null},"visible":true,"active":false,"userDisabled":true,"appDisabled":false,"descriptor":"C:\\Program Files\\Common Files\\McAfee\\SystemCore","installDate":1449261103026,"updateDate":1449261103026,"applyBackgroundUpdates":1,"bootstrap":false,"size":4090600,"sourceURI":null,"releaseNotesURI":null,"softDisabled":false,"foreignInstall":true,"hasBinaryComponents":false,"strictCompatibility":false,"locales":[],"targetApplications":[{"id":"{ec8030f7-c20a-464f-9b0e-13a3a9e97384}","minVersion":"1.5","maxVersion":"9.9"}],"targetPlatforms":[],"multiprocessCompatible":false,"signedState":0}
1449262576203	addons.xpi	DEBUG	Updating database with changes to installed add-ons
1449262576203	addons.xpi-utils	DEBUG	Updating add-on states
1449262576388	addons.xpi-utils	DEBUG	Writing add-ons list
1449262576510	addons.manager	DEBUG	Registering shutdown blocker for XPIProvider
1449262576510	addons.manager	DEBUG	Provider finished startup: XPIProvider
1449262576510	addons.manager	DEBUG	Starting provider: LightweightThemeManager
1449262576510	addons.manager	DEBUG	Registering shutdown blocker for LightweightThemeManager
1449262576511	addons.manager	DEBUG	Provider finished startup: LightweightThemeManager
1449262576511	addons.manager	DEBUG	Starting provider: GMPProvider
1449262576553	addons.manager	DEBUG	Registering shutdown blocker for GMPProvider
1449262576554	addons.manager	DEBUG	Provider finished startup: GMPProvider
1449262576554	addons.manager	DEBUG	Starting provider: PluginProvider
1449262576554	addons.manager	DEBUG	Registering shutdown blocker for PluginProvider
1449262576554	addons.manager	DEBUG	Provider finished startup: PluginProvider
1449262576555	addons.manager	DEBUG	Completed startup sequence

	at org.openqa.selenium.firefox.internal.NewProfileExtensionConnection.start(NewProfileExtensionConnection.java:122)
	... 25 more
]]>
    </failure>
  </testcase> <!-- verifyRemebarMeCheckBox -->
  <testcase name="verifyInvalidIDBlank" time="0.001" classname="testCase.TestCaseForLogin">
    <failure type="org.openqa.selenium.WebDriverException" message="Failed to connect to binary FirefoxBinary(C:\Program Files\Mozilla Firefox\firefox.exe) on port 7055; process output follows: 
xtensions.json	DEBUG	Save changes
1449262575116	DeferredSave.extensions.json	DEBUG	Save changes
1449262575117	addons.xpi	DEBUG	Updating XPIState for {&quot;id&quot;:&quot;{972ce4c6-7e08-4474-a285-3208198ce6fd}&quot;,&quot;syncGUID&quot;:&quot;XIcsDmRfc4tY&quot;,&quot;location&quot;:&quot;app-global&quot;,&quot;version&quot;:&quot;42.0&quot;,&quot;type&quot;:&quot;theme&quot;,&quot;internalName&quot;:&quot;classic/1.0&quot;,&quot;updateURL&quot;:null,&quot;updateKey&quot;:null,&quot;optionsURL&quot;:null,&quot;optionsType&quot;:null,&quot;aboutURL&quot;:null,&quot;iconURL&quot;:null,&quot;icon64URL&quot;:null,&quot;defaultLocale&quot;:{&quot;name&quot;:&quot;Default&quot;,&quot;description&quot;:&quot;The default theme.&quot;,&quot;creator&quot;:&quot;Mozilla&quot;,&quot;homepageURL&quot;:null,&quot;contributors&quot;:[&quot;Mozilla Contributors&quot;]},&quot;visible&quot;:true,&quot;active&quot;:true,&quot;userDisabled&quot;:false,&quot;appDisabled&quot;:false,&quot;descriptor&quot;:&quot;C:\\Program Files\\Mozilla Firefox\\browser\\extensions\\{972ce4c6-7e08-4474-a285-3208198ce6fd}&quot;,&quot;installDate&quot;:1447167314715,&quot;updateDate&quot;:1447167314715,&quot;applyBackgroundUpdates&quot;:1,&quot;skinnable&quot;:true,&quot;size&quot;:24301,&quot;sourceURI&quot;:null,&quot;releaseNotesURI&quot;:null,&quot;softDisabled&quot;:false,&quot;foreignInstall&quot;:false,&quot;hasBinaryComponents&quot;:false,&quot;strictCompatibility&quot;:true,&quot;locales&quot;:[],&quot;targetApplications&quot;:[{&quot;id&quot;:&quot;{ec8030f7-c20a-464f-9b0e-13a3a9e97384}&quot;,&quot;minVersion&quot;:&quot;42.0&quot;,&quot;maxVersion&quot;:&quot;42.0&quot;}],&quot;targetPlatforms&quot;:[]}
1449262575117	addons.xpi	DEBUG	getModTime: Recursive scan of {972ce4c6-7e08-4474-a285-3208198ce6fd}
1449262575118	addons.xpi	DEBUG	New add-on {D19CA586-DD6C-4a0a-96F8-14644F340D60} installed in winreg-app-global
1449262575160	DeferredSave.extensions.json	DEBUG	Starting write
1449262576200	addons.xpi	WARN	Disabling foreign installed add-on {D19CA586-DD6C-4a0a-96F8-14644F340D60} in winreg-app-global
1449262576201	addons.xpi-utils	DEBUG	Make addon winreg-app-global:{D19CA586-DD6C-4a0a-96F8-14644F340D60} visible
1449262576201	DeferredSave.extensions.json	DEBUG	Save changes
1449262576201	DeferredSave.extensions.json	DEBUG	Data changed while write in progress
1449262576202	DeferredSave.extensions.json	DEBUG	Save changes
1449262576202	addons.xpi	DEBUG	Updating XPIState for {&quot;id&quot;:&quot;{D19CA586-DD6C-4a0a-96F8-14644F340D60}&quot;,&quot;syncGUID&quot;:&quot;EZfD7y0cjpe4&quot;,&quot;location&quot;:&quot;winreg-app-global&quot;,&quot;version&quot;:&quot;15.1.0&quot;,&quot;type&quot;:&quot;extension&quot;,&quot;internalName&quot;:null,&quot;updateURL&quot;:null,&quot;updateKey&quot;:null,&quot;optionsURL&quot;:null,&quot;optionsType&quot;:null,&quot;aboutURL&quot;:null,&quot;iconURL&quot;:&quot;chrome://vscore/content/ScriptFF.gif&quot;,&quot;icon64URL&quot;:null,&quot;defaultLocale&quot;:{&quot;name&quot;:&quot;McAfee ScriptScan for Firefox&quot;,&quot;description&quot;:null,&quot;creator&quot;:&quot;McAfee, Inc.&quot;,&quot;homepageURL&quot;:null},&quot;visible&quot;:true,&quot;active&quot;:false,&quot;userDisabled&quot;:true,&quot;appDisabled&quot;:false,&quot;descriptor&quot;:&quot;C:\\Program Files\\Common Files\\McAfee\\SystemCore&quot;,&quot;installDate&quot;:1449261103026,&quot;updateDate&quot;:1449261103026,&quot;applyBackgroundUpdates&quot;:1,&quot;bootstrap&quot;:false,&quot;size&quot;:4090600,&quot;sourceURI&quot;:null,&quot;releaseNotesURI&quot;:null,&quot;softDisabled&quot;:false,&quot;foreignInstall&quot;:true,&quot;hasBinaryComponents&quot;:false,&quot;strictCompatibility&quot;:false,&quot;locales&quot;:[],&quot;targetApplications&quot;:[{&quot;id&quot;:&quot;{ec8030f7-c20a-464f-9b0e-13a3a9e97384}&quot;,&quot;minVersion&quot;:&quot;1.5&quot;,&quot;maxVersion&quot;:&quot;9.9&quot;}],&quot;targetPlatforms&quot;:[],&quot;multiprocessCompatible&quot;:false,&quot;signedState&quot;:0}
1449262576203	addons.xpi	DEBUG	Updating database with changes to installed add-ons
1449262576203	addons.xpi-utils	DEBUG	Updating add-on states
1449262576388	addons.xpi-utils	DEBUG	Writing add-ons list
1449262576510	addons.manager	DEBUG	Registering shutdown blocker for XPIProvider
1449262576510	addons.manager	DEBUG	Provider finished startup: XPIProvider
1449262576510	addons.manager	DEBUG	Starting provider: LightweightThemeManager
1449262576510	addons.manager	DEBUG	Registering shutdown blocker for LightweightThemeManager
1449262576511	addons.manager	DEBUG	Provider finished startup: LightweightThemeManager
1449262576511	addons.manager	DEBUG	Starting provider: GMPProvider
1449262576553	addons.manager	DEBUG	Registering shutdown blocker for GMPProvider
1449262576554	addons.manager	DEBUG	Provider finished startup: GMPProvider
1449262576554	addons.manager	DEBUG	Starting provider: PluginProvider
1449262576554	addons.manager	DEBUG	Registering shutdown blocker for PluginProvider
1449262576554	addons.manager	DEBUG	Provider finished startup: PluginProvider
1449262576555	addons.manager	DEBUG	Completed startup sequence

Build info: version: &#039;2.47.1&#039;, revision: &#039;411b314&#039;, time: &#039;2015-07-30 02:56:46&#039;
System info: host: &#039;01250LT2368&#039;, ip: &#039;10.8.130.158&#039;, os.name: &#039;Windows 7&#039;, os.arch: &#039;x86&#039;, os.version: &#039;6.1&#039;, java.version: &#039;1.8.0_60&#039;
Driver info: driver.version: FirefoxDriver">
      <![CDATA[org.openqa.selenium.WebDriverException: Failed to connect to binary FirefoxBinary(C:\Program Files\Mozilla Firefox\firefox.exe) on port 7055; process output follows: 
xtensions.json	DEBUG	Save changes
1449262575116	DeferredSave.extensions.json	DEBUG	Save changes
1449262575117	addons.xpi	DEBUG	Updating XPIState for {"id":"{972ce4c6-7e08-4474-a285-3208198ce6fd}","syncGUID":"XIcsDmRfc4tY","location":"app-global","version":"42.0","type":"theme","internalName":"classic/1.0","updateURL":null,"updateKey":null,"optionsURL":null,"optionsType":null,"aboutURL":null,"iconURL":null,"icon64URL":null,"defaultLocale":{"name":"Default","description":"The default theme.","creator":"Mozilla","homepageURL":null,"contributors":["Mozilla Contributors"]},"visible":true,"active":true,"userDisabled":false,"appDisabled":false,"descriptor":"C:\\Program Files\\Mozilla Firefox\\browser\\extensions\\{972ce4c6-7e08-4474-a285-3208198ce6fd}","installDate":1447167314715,"updateDate":1447167314715,"applyBackgroundUpdates":1,"skinnable":true,"size":24301,"sourceURI":null,"releaseNotesURI":null,"softDisabled":false,"foreignInstall":false,"hasBinaryComponents":false,"strictCompatibility":true,"locales":[],"targetApplications":[{"id":"{ec8030f7-c20a-464f-9b0e-13a3a9e97384}","minVersion":"42.0","maxVersion":"42.0"}],"targetPlatforms":[]}
1449262575117	addons.xpi	DEBUG	getModTime: Recursive scan of {972ce4c6-7e08-4474-a285-3208198ce6fd}
1449262575118	addons.xpi	DEBUG	New add-on {D19CA586-DD6C-4a0a-96F8-14644F340D60} installed in winreg-app-global
1449262575160	DeferredSave.extensions.json	DEBUG	Starting write
1449262576200	addons.xpi	WARN	Disabling foreign installed add-on {D19CA586-DD6C-4a0a-96F8-14644F340D60} in winreg-app-global
1449262576201	addons.xpi-utils	DEBUG	Make addon winreg-app-global:{D19CA586-DD6C-4a0a-96F8-14644F340D60} visible
1449262576201	DeferredSave.extensions.json	DEBUG	Save changes
1449262576201	DeferredSave.extensions.json	DEBUG	Data changed while write in progress
1449262576202	DeferredSave.extensions.json	DEBUG	Save changes
1449262576202	addons.xpi	DEBUG	Updating XPIState for {"id":"{D19CA586-DD6C-4a0a-96F8-14644F340D60}","syncGUID":"EZfD7y0cjpe4","location":"winreg-app-global","version":"15.1.0","type":"extension","internalName":null,"updateURL":null,"updateKey":null,"optionsURL":null,"optionsType":null,"aboutURL":null,"iconURL":"chrome://vscore/content/ScriptFF.gif","icon64URL":null,"defaultLocale":{"name":"McAfee ScriptScan for Firefox","description":null,"creator":"McAfee, Inc.","homepageURL":null},"visible":true,"active":false,"userDisabled":true,"appDisabled":false,"descriptor":"C:\\Program Files\\Common Files\\McAfee\\SystemCore","installDate":1449261103026,"updateDate":1449261103026,"applyBackgroundUpdates":1,"bootstrap":false,"size":4090600,"sourceURI":null,"releaseNotesURI":null,"softDisabled":false,"foreignInstall":true,"hasBinaryComponents":false,"strictCompatibility":false,"locales":[],"targetApplications":[{"id":"{ec8030f7-c20a-464f-9b0e-13a3a9e97384}","minVersion":"1.5","maxVersion":"9.9"}],"targetPlatforms":[],"multiprocessCompatible":false,"signedState":0}
1449262576203	addons.xpi	DEBUG	Updating database with changes to installed add-ons
1449262576203	addons.xpi-utils	DEBUG	Updating add-on states
1449262576388	addons.xpi-utils	DEBUG	Writing add-ons list
1449262576510	addons.manager	DEBUG	Registering shutdown blocker for XPIProvider
1449262576510	addons.manager	DEBUG	Provider finished startup: XPIProvider
1449262576510	addons.manager	DEBUG	Starting provider: LightweightThemeManager
1449262576510	addons.manager	DEBUG	Registering shutdown blocker for LightweightThemeManager
1449262576511	addons.manager	DEBUG	Provider finished startup: LightweightThemeManager
1449262576511	addons.manager	DEBUG	Starting provider: GMPProvider
1449262576553	addons.manager	DEBUG	Registering shutdown blocker for GMPProvider
1449262576554	addons.manager	DEBUG	Provider finished startup: GMPProvider
1449262576554	addons.manager	DEBUG	Starting provider: PluginProvider
1449262576554	addons.manager	DEBUG	Registering shutdown blocker for PluginProvider
1449262576554	addons.manager	DEBUG	Provider finished startup: PluginProvider
1449262576555	addons.manager	DEBUG	Completed startup sequence

Build info: version: '2.47.1', revision: '411b314', time: '2015-07-30 02:56:46'
System info: host: '01250LT2368', ip: '10.8.130.158', os.name: 'Windows 7', os.arch: 'x86', os.version: '6.1', java.version: '1.8.0_60'
Driver info: driver.version: FirefoxDriver
	at org.openqa.selenium.firefox.internal.NewProfileExtensionConnection.start(NewProfileExtensionConnection.java:134)
	at org.openqa.selenium.firefox.FirefoxDriver.startClient(FirefoxDriver.java:276)
	at org.openqa.selenium.remote.RemoteWebDriver.<init>(RemoteWebDriver.java:116)
	at org.openqa.selenium.firefox.FirefoxDriver.<init>(FirefoxDriver.java:223)
	at org.openqa.selenium.firefox.FirefoxDriver.<init>(FirefoxDriver.java:216)
	at org.openqa.selenium.firefox.FirefoxDriver.<init>(FirefoxDriver.java:212)
	at org.openqa.selenium.firefox.FirefoxDriver.<init>(FirefoxDriver.java:125)
	at utilities.StartUp.openBrowser(StartUp.java:47)
	at sun.reflect.NativeMethodAccessorImpl.invoke0(Native Method)
	at sun.reflect.NativeMethodAccessorImpl.invoke(Unknown Source)
	at sun.reflect.DelegatingMethodAccessorImpl.invoke(Unknown Source)
	at java.lang.reflect.Method.invoke(Unknown Source)
	at org.testng.internal.MethodInvocationHelper.invokeMethod(MethodInvocationHelper.java:84)
	at org.testng.internal.Invoker.invokeConfigurationMethod(Invoker.java:564)
	at org.testng.internal.Invoker.invokeConfigurations(Invoker.java:213)
	at org.testng.internal.Invoker.invokeConfigurations(Invoker.java:138)
	at org.testng.SuiteRunner.privateRun(SuiteRunner.java:277)
	at org.testng.SuiteRunner.run(SuiteRunner.java:240)
	at org.testng.SuiteRunnerWorker.runSuite(SuiteRunnerWorker.java:52)
	at org.testng.SuiteRunnerWorker.run(SuiteRunnerWorker.java:86)
	at org.testng.TestNG.runSuitesSequentially(TestNG.java:1224)
	at org.testng.TestNG.runSuitesLocally(TestNG.java:1149)
	at org.testng.TestNG.run(TestNG.java:1057)
	at org.testng.remote.RemoteTestNG.run(RemoteTestNG.java:115)
	at org.testng.remote.RemoteTestNG.initAndRun(RemoteTestNG.java:207)
	at org.testng.remote.RemoteTestNG.main(RemoteTestNG.java:178)
Caused by: org.openqa.selenium.firefox.NotConnectedException: Unable to connect to host 127.0.0.1 on port 7055 after 45000 ms. Firefox console output:
xtensions.json	DEBUG	Save changes
1449262575116	DeferredSave.extensions.json	DEBUG	Save changes
1449262575117	addons.xpi	DEBUG	Updating XPIState for {"id":"{972ce4c6-7e08-4474-a285-3208198ce6fd}","syncGUID":"XIcsDmRfc4tY","location":"app-global","version":"42.0","type":"theme","internalName":"classic/1.0","updateURL":null,"updateKey":null,"optionsURL":null,"optionsType":null,"aboutURL":null,"iconURL":null,"icon64URL":null,"defaultLocale":{"name":"Default","description":"The default theme.","creator":"Mozilla","homepageURL":null,"contributors":["Mozilla Contributors"]},"visible":true,"active":true,"userDisabled":false,"appDisabled":false,"descriptor":"C:\\Program Files\\Mozilla Firefox\\browser\\extensions\\{972ce4c6-7e08-4474-a285-3208198ce6fd}","installDate":1447167314715,"updateDate":1447167314715,"applyBackgroundUpdates":1,"skinnable":true,"size":24301,"sourceURI":null,"releaseNotesURI":null,"softDisabled":false,"foreignInstall":false,"hasBinaryComponents":false,"strictCompatibility":true,"locales":[],"targetApplications":[{"id":"{ec8030f7-c20a-464f-9b0e-13a3a9e97384}","minVersion":"42.0","maxVersion":"42.0"}],"targetPlatforms":[]}
1449262575117	addons.xpi	DEBUG	getModTime: Recursive scan of {972ce4c6-7e08-4474-a285-3208198ce6fd}
1449262575118	addons.xpi	DEBUG	New add-on {D19CA586-DD6C-4a0a-96F8-14644F340D60} installed in winreg-app-global
1449262575160	DeferredSave.extensions.json	DEBUG	Starting write
1449262576200	addons.xpi	WARN	Disabling foreign installed add-on {D19CA586-DD6C-4a0a-96F8-14644F340D60} in winreg-app-global
1449262576201	addons.xpi-utils	DEBUG	Make addon winreg-app-global:{D19CA586-DD6C-4a0a-96F8-14644F340D60} visible
1449262576201	DeferredSave.extensions.json	DEBUG	Save changes
1449262576201	DeferredSave.extensions.json	DEBUG	Data changed while write in progress
1449262576202	DeferredSave.extensions.json	DEBUG	Save changes
1449262576202	addons.xpi	DEBUG	Updating XPIState for {"id":"{D19CA586-DD6C-4a0a-96F8-14644F340D60}","syncGUID":"EZfD7y0cjpe4","location":"winreg-app-global","version":"15.1.0","type":"extension","internalName":null,"updateURL":null,"updateKey":null,"optionsURL":null,"optionsType":null,"aboutURL":null,"iconURL":"chrome://vscore/content/ScriptFF.gif","icon64URL":null,"defaultLocale":{"name":"McAfee ScriptScan for Firefox","description":null,"creator":"McAfee, Inc.","homepageURL":null},"visible":true,"active":false,"userDisabled":true,"appDisabled":false,"descriptor":"C:\\Program Files\\Common Files\\McAfee\\SystemCore","installDate":1449261103026,"updateDate":1449261103026,"applyBackgroundUpdates":1,"bootstrap":false,"size":4090600,"sourceURI":null,"releaseNotesURI":null,"softDisabled":false,"foreignInstall":true,"hasBinaryComponents":false,"strictCompatibility":false,"locales":[],"targetApplications":[{"id":"{ec8030f7-c20a-464f-9b0e-13a3a9e97384}","minVersion":"1.5","maxVersion":"9.9"}],"targetPlatforms":[],"multiprocessCompatible":false,"signedState":0}
1449262576203	addons.xpi	DEBUG	Updating database with changes to installed add-ons
1449262576203	addons.xpi-utils	DEBUG	Updating add-on states
1449262576388	addons.xpi-utils	DEBUG	Writing add-ons list
1449262576510	addons.manager	DEBUG	Registering shutdown blocker for XPIProvider
1449262576510	addons.manager	DEBUG	Provider finished startup: XPIProvider
1449262576510	addons.manager	DEBUG	Starting provider: LightweightThemeManager
1449262576510	addons.manager	DEBUG	Registering shutdown blocker for LightweightThemeManager
1449262576511	addons.manager	DEBUG	Provider finished startup: LightweightThemeManager
1449262576511	addons.manager	DEBUG	Starting provider: GMPProvider
1449262576553	addons.manager	DEBUG	Registering shutdown blocker for GMPProvider
1449262576554	addons.manager	DEBUG	Provider finished startup: GMPProvider
1449262576554	addons.manager	DEBUG	Starting provider: PluginProvider
1449262576554	addons.manager	DEBUG	Registering shutdown blocker for PluginProvider
1449262576554	addons.manager	DEBUG	Provider finished startup: PluginProvider
1449262576555	addons.manager	DEBUG	Completed startup sequence

	at org.openqa.selenium.firefox.internal.NewProfileExtensionConnection.start(NewProfileExtensionConnection.java:122)
	... 25 more
]]>
    </failure>
  </testcase> <!-- verifyInvalidIDBlank -->
  <testcase name="logout" time="0.000" classname="testCase.TestCaseForLogin">
    <failure type="org.openqa.selenium.WebDriverException" message="Failed to connect to binary FirefoxBinary(C:\Program Files\Mozilla Firefox\firefox.exe) on port 7055; process output follows: 
xtensions.json	DEBUG	Save changes
1449262575116	DeferredSave.extensions.json	DEBUG	Save changes
1449262575117	addons.xpi	DEBUG	Updating XPIState for {&quot;id&quot;:&quot;{972ce4c6-7e08-4474-a285-3208198ce6fd}&quot;,&quot;syncGUID&quot;:&quot;XIcsDmRfc4tY&quot;,&quot;location&quot;:&quot;app-global&quot;,&quot;version&quot;:&quot;42.0&quot;,&quot;type&quot;:&quot;theme&quot;,&quot;internalName&quot;:&quot;classic/1.0&quot;,&quot;updateURL&quot;:null,&quot;updateKey&quot;:null,&quot;optionsURL&quot;:null,&quot;optionsType&quot;:null,&quot;aboutURL&quot;:null,&quot;iconURL&quot;:null,&quot;icon64URL&quot;:null,&quot;defaultLocale&quot;:{&quot;name&quot;:&quot;Default&quot;,&quot;description&quot;:&quot;The default theme.&quot;,&quot;creator&quot;:&quot;Mozilla&quot;,&quot;homepageURL&quot;:null,&quot;contributors&quot;:[&quot;Mozilla Contributors&quot;]},&quot;visible&quot;:true,&quot;active&quot;:true,&quot;userDisabled&quot;:false,&quot;appDisabled&quot;:false,&quot;descriptor&quot;:&quot;C:\\Program Files\\Mozilla Firefox\\browser\\extensions\\{972ce4c6-7e08-4474-a285-3208198ce6fd}&quot;,&quot;installDate&quot;:1447167314715,&quot;updateDate&quot;:1447167314715,&quot;applyBackgroundUpdates&quot;:1,&quot;skinnable&quot;:true,&quot;size&quot;:24301,&quot;sourceURI&quot;:null,&quot;releaseNotesURI&quot;:null,&quot;softDisabled&quot;:false,&quot;foreignInstall&quot;:false,&quot;hasBinaryComponents&quot;:false,&quot;strictCompatibility&quot;:true,&quot;locales&quot;:[],&quot;targetApplications&quot;:[{&quot;id&quot;:&quot;{ec8030f7-c20a-464f-9b0e-13a3a9e97384}&quot;,&quot;minVersion&quot;:&quot;42.0&quot;,&quot;maxVersion&quot;:&quot;42.0&quot;}],&quot;targetPlatforms&quot;:[]}
1449262575117	addons.xpi	DEBUG	getModTime: Recursive scan of {972ce4c6-7e08-4474-a285-3208198ce6fd}
1449262575118	addons.xpi	DEBUG	New add-on {D19CA586-DD6C-4a0a-96F8-14644F340D60} installed in winreg-app-global
1449262575160	DeferredSave.extensions.json	DEBUG	Starting write
1449262576200	addons.xpi	WARN	Disabling foreign installed add-on {D19CA586-DD6C-4a0a-96F8-14644F340D60} in winreg-app-global
1449262576201	addons.xpi-utils	DEBUG	Make addon winreg-app-global:{D19CA586-DD6C-4a0a-96F8-14644F340D60} visible
1449262576201	DeferredSave.extensions.json	DEBUG	Save changes
1449262576201	DeferredSave.extensions.json	DEBUG	Data changed while write in progress
1449262576202	DeferredSave.extensions.json	DEBUG	Save changes
1449262576202	addons.xpi	DEBUG	Updating XPIState for {&quot;id&quot;:&quot;{D19CA586-DD6C-4a0a-96F8-14644F340D60}&quot;,&quot;syncGUID&quot;:&quot;EZfD7y0cjpe4&quot;,&quot;location&quot;:&quot;winreg-app-global&quot;,&quot;version&quot;:&quot;15.1.0&quot;,&quot;type&quot;:&quot;extension&quot;,&quot;internalName&quot;:null,&quot;updateURL&quot;:null,&quot;updateKey&quot;:null,&quot;optionsURL&quot;:null,&quot;optionsType&quot;:null,&quot;aboutURL&quot;:null,&quot;iconURL&quot;:&quot;chrome://vscore/content/ScriptFF.gif&quot;,&quot;icon64URL&quot;:null,&quot;defaultLocale&quot;:{&quot;name&quot;:&quot;McAfee ScriptScan for Firefox&quot;,&quot;description&quot;:null,&quot;creator&quot;:&quot;McAfee, Inc.&quot;,&quot;homepageURL&quot;:null},&quot;visible&quot;:true,&quot;active&quot;:false,&quot;userDisabled&quot;:true,&quot;appDisabled&quot;:false,&quot;descriptor&quot;:&quot;C:\\Program Files\\Common Files\\McAfee\\SystemCore&quot;,&quot;installDate&quot;:1449261103026,&quot;updateDate&quot;:1449261103026,&quot;applyBackgroundUpdates&quot;:1,&quot;bootstrap&quot;:false,&quot;size&quot;:4090600,&quot;sourceURI&quot;:null,&quot;releaseNotesURI&quot;:null,&quot;softDisabled&quot;:false,&quot;foreignInstall&quot;:true,&quot;hasBinaryComponents&quot;:false,&quot;strictCompatibility&quot;:false,&quot;locales&quot;:[],&quot;targetApplications&quot;:[{&quot;id&quot;:&quot;{ec8030f7-c20a-464f-9b0e-13a3a9e97384}&quot;,&quot;minVersion&quot;:&quot;1.5&quot;,&quot;maxVersion&quot;:&quot;9.9&quot;}],&quot;targetPlatforms&quot;:[],&quot;multiprocessCompatible&quot;:false,&quot;signedState&quot;:0}
1449262576203	addons.xpi	DEBUG	Updating database with changes to installed add-ons
1449262576203	addons.xpi-utils	DEBUG	Updating add-on states
1449262576388	addons.xpi-utils	DEBUG	Writing add-ons list
1449262576510	addons.manager	DEBUG	Registering shutdown blocker for XPIProvider
1449262576510	addons.manager	DEBUG	Provider finished startup: XPIProvider
1449262576510	addons.manager	DEBUG	Starting provider: LightweightThemeManager
1449262576510	addons.manager	DEBUG	Registering shutdown blocker for LightweightThemeManager
1449262576511	addons.manager	DEBUG	Provider finished startup: LightweightThemeManager
1449262576511	addons.manager	DEBUG	Starting provider: GMPProvider
1449262576553	addons.manager	DEBUG	Registering shutdown blocker for GMPProvider
1449262576554	addons.manager	DEBUG	Provider finished startup: GMPProvider
1449262576554	addons.manager	DEBUG	Starting provider: PluginProvider
1449262576554	addons.manager	DEBUG	Registering shutdown blocker for PluginProvider
1449262576554	addons.manager	DEBUG	Provider finished startup: PluginProvider
1449262576555	addons.manager	DEBUG	Completed startup sequence

Build info: version: &#039;2.47.1&#039;, revision: &#039;411b314&#039;, time: &#039;2015-07-30 02:56:46&#039;
System info: host: &#039;01250LT2368&#039;, ip: &#039;10.8.130.158&#039;, os.name: &#039;Windows 7&#039;, os.arch: &#039;x86&#039;, os.version: &#039;6.1&#039;, java.version: &#039;1.8.0_60&#039;
Driver info: driver.version: FirefoxDriver">
      <![CDATA[org.openqa.selenium.WebDriverException: Failed to connect to binary FirefoxBinary(C:\Program Files\Mozilla Firefox\firefox.exe) on port 7055; process output follows: 
xtensions.json	DEBUG	Save changes
1449262575116	DeferredSave.extensions.json	DEBUG	Save changes
1449262575117	addons.xpi	DEBUG	Updating XPIState for {"id":"{972ce4c6-7e08-4474-a285-3208198ce6fd}","syncGUID":"XIcsDmRfc4tY","location":"app-global","version":"42.0","type":"theme","internalName":"classic/1.0","updateURL":null,"updateKey":null,"optionsURL":null,"optionsType":null,"aboutURL":null,"iconURL":null,"icon64URL":null,"defaultLocale":{"name":"Default","description":"The default theme.","creator":"Mozilla","homepageURL":null,"contributors":["Mozilla Contributors"]},"visible":true,"active":true,"userDisabled":false,"appDisabled":false,"descriptor":"C:\\Program Files\\Mozilla Firefox\\browser\\extensions\\{972ce4c6-7e08-4474-a285-3208198ce6fd}","installDate":1447167314715,"updateDate":1447167314715,"applyBackgroundUpdates":1,"skinnable":true,"size":24301,"sourceURI":null,"releaseNotesURI":null,"softDisabled":false,"foreignInstall":false,"hasBinaryComponents":false,"strictCompatibility":true,"locales":[],"targetApplications":[{"id":"{ec8030f7-c20a-464f-9b0e-13a3a9e97384}","minVersion":"42.0","maxVersion":"42.0"}],"targetPlatforms":[]}
1449262575117	addons.xpi	DEBUG	getModTime: Recursive scan of {972ce4c6-7e08-4474-a285-3208198ce6fd}
1449262575118	addons.xpi	DEBUG	New add-on {D19CA586-DD6C-4a0a-96F8-14644F340D60} installed in winreg-app-global
1449262575160	DeferredSave.extensions.json	DEBUG	Starting write
1449262576200	addons.xpi	WARN	Disabling foreign installed add-on {D19CA586-DD6C-4a0a-96F8-14644F340D60} in winreg-app-global
1449262576201	addons.xpi-utils	DEBUG	Make addon winreg-app-global:{D19CA586-DD6C-4a0a-96F8-14644F340D60} visible
1449262576201	DeferredSave.extensions.json	DEBUG	Save changes
1449262576201	DeferredSave.extensions.json	DEBUG	Data changed while write in progress
1449262576202	DeferredSave.extensions.json	DEBUG	Save changes
1449262576202	addons.xpi	DEBUG	Updating XPIState for {"id":"{D19CA586-DD6C-4a0a-96F8-14644F340D60}","syncGUID":"EZfD7y0cjpe4","location":"winreg-app-global","version":"15.1.0","type":"extension","internalName":null,"updateURL":null,"updateKey":null,"optionsURL":null,"optionsType":null,"aboutURL":null,"iconURL":"chrome://vscore/content/ScriptFF.gif","icon64URL":null,"defaultLocale":{"name":"McAfee ScriptScan for Firefox","description":null,"creator":"McAfee, Inc.","homepageURL":null},"visible":true,"active":false,"userDisabled":true,"appDisabled":false,"descriptor":"C:\\Program Files\\Common Files\\McAfee\\SystemCore","installDate":1449261103026,"updateDate":1449261103026,"applyBackgroundUpdates":1,"bootstrap":false,"size":4090600,"sourceURI":null,"releaseNotesURI":null,"softDisabled":false,"foreignInstall":true,"hasBinaryComponents":false,"strictCompatibility":false,"locales":[],"targetApplications":[{"id":"{ec8030f7-c20a-464f-9b0e-13a3a9e97384}","minVersion":"1.5","maxVersion":"9.9"}],"targetPlatforms":[],"multiprocessCompatible":false,"signedState":0}
1449262576203	addons.xpi	DEBUG	Updating database with changes to installed add-ons
1449262576203	addons.xpi-utils	DEBUG	Updating add-on states
1449262576388	addons.xpi-utils	DEBUG	Writing add-ons list
1449262576510	addons.manager	DEBUG	Registering shutdown blocker for XPIProvider
1449262576510	addons.manager	DEBUG	Provider finished startup: XPIProvider
1449262576510	addons.manager	DEBUG	Starting provider: LightweightThemeManager
1449262576510	addons.manager	DEBUG	Registering shutdown blocker for LightweightThemeManager
1449262576511	addons.manager	DEBUG	Provider finished startup: LightweightThemeManager
1449262576511	addons.manager	DEBUG	Starting provider: GMPProvider
1449262576553	addons.manager	DEBUG	Registering shutdown blocker for GMPProvider
1449262576554	addons.manager	DEBUG	Provider finished startup: GMPProvider
1449262576554	addons.manager	DEBUG	Starting provider: PluginProvider
1449262576554	addons.manager	DEBUG	Registering shutdown blocker for PluginProvider
1449262576554	addons.manager	DEBUG	Provider finished startup: PluginProvider
1449262576555	addons.manager	DEBUG	Completed startup sequence

Build info: version: '2.47.1', revision: '411b314', time: '2015-07-30 02:56:46'
System info: host: '01250LT2368', ip: '10.8.130.158', os.name: 'Windows 7', os.arch: 'x86', os.version: '6.1', java.version: '1.8.0_60'
Driver info: driver.version: FirefoxDriver
	at org.openqa.selenium.firefox.internal.NewProfileExtensionConnection.start(NewProfileExtensionConnection.java:134)
	at org.openqa.selenium.firefox.FirefoxDriver.startClient(FirefoxDriver.java:276)
	at org.openqa.selenium.remote.RemoteWebDriver.<init>(RemoteWebDriver.java:116)
	at org.openqa.selenium.firefox.FirefoxDriver.<init>(FirefoxDriver.java:223)
	at org.openqa.selenium.firefox.FirefoxDriver.<init>(FirefoxDriver.java:216)
	at org.openqa.selenium.firefox.FirefoxDriver.<init>(FirefoxDriver.java:212)
	at org.openqa.selenium.firefox.FirefoxDriver.<init>(FirefoxDriver.java:125)
	at utilities.StartUp.openBrowser(StartUp.java:47)
	at sun.reflect.NativeMethodAccessorImpl.invoke0(Native Method)
	at sun.reflect.NativeMethodAccessorImpl.invoke(Unknown Source)
	at sun.reflect.DelegatingMethodAccessorImpl.invoke(Unknown Source)
	at java.lang.reflect.Method.invoke(Unknown Source)
	at org.testng.internal.MethodInvocationHelper.invokeMethod(MethodInvocationHelper.java:84)
	at org.testng.internal.Invoker.invokeConfigurationMethod(Invoker.java:564)
	at org.testng.internal.Invoker.invokeConfigurations(Invoker.java:213)
	at org.testng.internal.Invoker.invokeConfigurations(Invoker.java:138)
	at org.testng.SuiteRunner.privateRun(SuiteRunner.java:277)
	at org.testng.SuiteRunner.run(SuiteRunner.java:240)
	at org.testng.SuiteRunnerWorker.runSuite(SuiteRunnerWorker.java:52)
	at org.testng.SuiteRunnerWorker.run(SuiteRunnerWorker.java:86)
	at org.testng.TestNG.runSuitesSequentially(TestNG.java:1224)
	at org.testng.TestNG.runSuitesLocally(TestNG.java:1149)
	at org.testng.TestNG.run(TestNG.java:1057)
	at org.testng.remote.RemoteTestNG.run(RemoteTestNG.java:115)
	at org.testng.remote.RemoteTestNG.initAndRun(RemoteTestNG.java:207)
	at org.testng.remote.RemoteTestNG.main(RemoteTestNG.java:178)
Caused by: org.openqa.selenium.firefox.NotConnectedException: Unable to connect to host 127.0.0.1 on port 7055 after 45000 ms. Firefox console output:
xtensions.json	DEBUG	Save changes
1449262575116	DeferredSave.extensions.json	DEBUG	Save changes
1449262575117	addons.xpi	DEBUG	Updating XPIState for {"id":"{972ce4c6-7e08-4474-a285-3208198ce6fd}","syncGUID":"XIcsDmRfc4tY","location":"app-global","version":"42.0","type":"theme","internalName":"classic/1.0","updateURL":null,"updateKey":null,"optionsURL":null,"optionsType":null,"aboutURL":null,"iconURL":null,"icon64URL":null,"defaultLocale":{"name":"Default","description":"The default theme.","creator":"Mozilla","homepageURL":null,"contributors":["Mozilla Contributors"]},"visible":true,"active":true,"userDisabled":false,"appDisabled":false,"descriptor":"C:\\Program Files\\Mozilla Firefox\\browser\\extensions\\{972ce4c6-7e08-4474-a285-3208198ce6fd}","installDate":1447167314715,"updateDate":1447167314715,"applyBackgroundUpdates":1,"skinnable":true,"size":24301,"sourceURI":null,"releaseNotesURI":null,"softDisabled":false,"foreignInstall":false,"hasBinaryComponents":false,"strictCompatibility":true,"locales":[],"targetApplications":[{"id":"{ec8030f7-c20a-464f-9b0e-13a3a9e97384}","minVersion":"42.0","maxVersion":"42.0"}],"targetPlatforms":[]}
1449262575117	addons.xpi	DEBUG	getModTime: Recursive scan of {972ce4c6-7e08-4474-a285-3208198ce6fd}
1449262575118	addons.xpi	DEBUG	New add-on {D19CA586-DD6C-4a0a-96F8-14644F340D60} installed in winreg-app-global
1449262575160	DeferredSave.extensions.json	DEBUG	Starting write
1449262576200	addons.xpi	WARN	Disabling foreign installed add-on {D19CA586-DD6C-4a0a-96F8-14644F340D60} in winreg-app-global
1449262576201	addons.xpi-utils	DEBUG	Make addon winreg-app-global:{D19CA586-DD6C-4a0a-96F8-14644F340D60} visible
1449262576201	DeferredSave.extensions.json	DEBUG	Save changes
1449262576201	DeferredSave.extensions.json	DEBUG	Data changed while write in progress
1449262576202	DeferredSave.extensions.json	DEBUG	Save changes
1449262576202	addons.xpi	DEBUG	Updating XPIState for {"id":"{D19CA586-DD6C-4a0a-96F8-14644F340D60}","syncGUID":"EZfD7y0cjpe4","location":"winreg-app-global","version":"15.1.0","type":"extension","internalName":null,"updateURL":null,"updateKey":null,"optionsURL":null,"optionsType":null,"aboutURL":null,"iconURL":"chrome://vscore/content/ScriptFF.gif","icon64URL":null,"defaultLocale":{"name":"McAfee ScriptScan for Firefox","description":null,"creator":"McAfee, Inc.","homepageURL":null},"visible":true,"active":false,"userDisabled":true,"appDisabled":false,"descriptor":"C:\\Program Files\\Common Files\\McAfee\\SystemCore","installDate":1449261103026,"updateDate":1449261103026,"applyBackgroundUpdates":1,"bootstrap":false,"size":4090600,"sourceURI":null,"releaseNotesURI":null,"softDisabled":false,"foreignInstall":true,"hasBinaryComponents":false,"strictCompatibility":false,"locales":[],"targetApplications":[{"id":"{ec8030f7-c20a-464f-9b0e-13a3a9e97384}","minVersion":"1.5","maxVersion":"9.9"}],"targetPlatforms":[],"multiprocessCompatible":false,"signedState":0}
1449262576203	addons.xpi	DEBUG	Updating database with changes to installed add-ons
1449262576203	addons.xpi-utils	DEBUG	Updating add-on states
1449262576388	addons.xpi-utils	DEBUG	Writing add-ons list
1449262576510	addons.manager	DEBUG	Registering shutdown blocker for XPIProvider
1449262576510	addons.manager	DEBUG	Provider finished startup: XPIProvider
1449262576510	addons.manager	DEBUG	Starting provider: LightweightThemeManager
1449262576510	addons.manager	DEBUG	Registering shutdown blocker for LightweightThemeManager
1449262576511	addons.manager	DEBUG	Provider finished startup: LightweightThemeManager
1449262576511	addons.manager	DEBUG	Starting provider: GMPProvider
1449262576553	addons.manager	DEBUG	Registering shutdown blocker for GMPProvider
1449262576554	addons.manager	DEBUG	Provider finished startup: GMPProvider
1449262576554	addons.manager	DEBUG	Starting provider: PluginProvider
1449262576554	addons.manager	DEBUG	Registering shutdown blocker for PluginProvider
1449262576554	addons.manager	DEBUG	Provider finished startup: PluginProvider
1449262576555	addons.manager	DEBUG	Completed startup sequence

	at org.openqa.selenium.firefox.internal.NewProfileExtensionConnection.start(NewProfileExtensionConnection.java:122)
	... 25 more
]]>
    </failure>
  </testcase> <!-- logout -->
  <testcase name="verifyInvalidPassword" time="0.000" classname="testCase.TestCaseForLogin">
    <failure type="org.openqa.selenium.WebDriverException" message="Failed to connect to binary FirefoxBinary(C:\Program Files\Mozilla Firefox\firefox.exe) on port 7055; process output follows: 
xtensions.json	DEBUG	Save changes
1449262575116	DeferredSave.extensions.json	DEBUG	Save changes
1449262575117	addons.xpi	DEBUG	Updating XPIState for {&quot;id&quot;:&quot;{972ce4c6-7e08-4474-a285-3208198ce6fd}&quot;,&quot;syncGUID&quot;:&quot;XIcsDmRfc4tY&quot;,&quot;location&quot;:&quot;app-global&quot;,&quot;version&quot;:&quot;42.0&quot;,&quot;type&quot;:&quot;theme&quot;,&quot;internalName&quot;:&quot;classic/1.0&quot;,&quot;updateURL&quot;:null,&quot;updateKey&quot;:null,&quot;optionsURL&quot;:null,&quot;optionsType&quot;:null,&quot;aboutURL&quot;:null,&quot;iconURL&quot;:null,&quot;icon64URL&quot;:null,&quot;defaultLocale&quot;:{&quot;name&quot;:&quot;Default&quot;,&quot;description&quot;:&quot;The default theme.&quot;,&quot;creator&quot;:&quot;Mozilla&quot;,&quot;homepageURL&quot;:null,&quot;contributors&quot;:[&quot;Mozilla Contributors&quot;]},&quot;visible&quot;:true,&quot;active&quot;:true,&quot;userDisabled&quot;:false,&quot;appDisabled&quot;:false,&quot;descriptor&quot;:&quot;C:\\Program Files\\Mozilla Firefox\\browser\\extensions\\{972ce4c6-7e08-4474-a285-3208198ce6fd}&quot;,&quot;installDate&quot;:1447167314715,&quot;updateDate&quot;:1447167314715,&quot;applyBackgroundUpdates&quot;:1,&quot;skinnable&quot;:true,&quot;size&quot;:24301,&quot;sourceURI&quot;:null,&quot;releaseNotesURI&quot;:null,&quot;softDisabled&quot;:false,&quot;foreignInstall&quot;:false,&quot;hasBinaryComponents&quot;:false,&quot;strictCompatibility&quot;:true,&quot;locales&quot;:[],&quot;targetApplications&quot;:[{&quot;id&quot;:&quot;{ec8030f7-c20a-464f-9b0e-13a3a9e97384}&quot;,&quot;minVersion&quot;:&quot;42.0&quot;,&quot;maxVersion&quot;:&quot;42.0&quot;}],&quot;targetPlatforms&quot;:[]}
1449262575117	addons.xpi	DEBUG	getModTime: Recursive scan of {972ce4c6-7e08-4474-a285-3208198ce6fd}
1449262575118	addons.xpi	DEBUG	New add-on {D19CA586-DD6C-4a0a-96F8-14644F340D60} installed in winreg-app-global
1449262575160	DeferredSave.extensions.json	DEBUG	Starting write
1449262576200	addons.xpi	WARN	Disabling foreign installed add-on {D19CA586-DD6C-4a0a-96F8-14644F340D60} in winreg-app-global
1449262576201	addons.xpi-utils	DEBUG	Make addon winreg-app-global:{D19CA586-DD6C-4a0a-96F8-14644F340D60} visible
1449262576201	DeferredSave.extensions.json	DEBUG	Save changes
1449262576201	DeferredSave.extensions.json	DEBUG	Data changed while write in progress
1449262576202	DeferredSave.extensions.json	DEBUG	Save changes
1449262576202	addons.xpi	DEBUG	Updating XPIState for {&quot;id&quot;:&quot;{D19CA586-DD6C-4a0a-96F8-14644F340D60}&quot;,&quot;syncGUID&quot;:&quot;EZfD7y0cjpe4&quot;,&quot;location&quot;:&quot;winreg-app-global&quot;,&quot;version&quot;:&quot;15.1.0&quot;,&quot;type&quot;:&quot;extension&quot;,&quot;internalName&quot;:null,&quot;updateURL&quot;:null,&quot;updateKey&quot;:null,&quot;optionsURL&quot;:null,&quot;optionsType&quot;:null,&quot;aboutURL&quot;:null,&quot;iconURL&quot;:&quot;chrome://vscore/content/ScriptFF.gif&quot;,&quot;icon64URL&quot;:null,&quot;defaultLocale&quot;:{&quot;name&quot;:&quot;McAfee ScriptScan for Firefox&quot;,&quot;description&quot;:null,&quot;creator&quot;:&quot;McAfee, Inc.&quot;,&quot;homepageURL&quot;:null},&quot;visible&quot;:true,&quot;active&quot;:false,&quot;userDisabled&quot;:true,&quot;appDisabled&quot;:false,&quot;descriptor&quot;:&quot;C:\\Program Files\\Common Files\\McAfee\\SystemCore&quot;,&quot;installDate&quot;:1449261103026,&quot;updateDate&quot;:1449261103026,&quot;applyBackgroundUpdates&quot;:1,&quot;bootstrap&quot;:false,&quot;size&quot;:4090600,&quot;sourceURI&quot;:null,&quot;releaseNotesURI&quot;:null,&quot;softDisabled&quot;:false,&quot;foreignInstall&quot;:true,&quot;hasBinaryComponents&quot;:false,&quot;strictCompatibility&quot;:false,&quot;locales&quot;:[],&quot;targetApplications&quot;:[{&quot;id&quot;:&quot;{ec8030f7-c20a-464f-9b0e-13a3a9e97384}&quot;,&quot;minVersion&quot;:&quot;1.5&quot;,&quot;maxVersion&quot;:&quot;9.9&quot;}],&quot;targetPlatforms&quot;:[],&quot;multiprocessCompatible&quot;:false,&quot;signedState&quot;:0}
1449262576203	addons.xpi	DEBUG	Updating database with changes to installed add-ons
1449262576203	addons.xpi-utils	DEBUG	Updating add-on states
1449262576388	addons.xpi-utils	DEBUG	Writing add-ons list
1449262576510	addons.manager	DEBUG	Registering shutdown blocker for XPIProvider
1449262576510	addons.manager	DEBUG	Provider finished startup: XPIProvider
1449262576510	addons.manager	DEBUG	Starting provider: LightweightThemeManager
1449262576510	addons.manager	DEBUG	Registering shutdown blocker for LightweightThemeManager
1449262576511	addons.manager	DEBUG	Provider finished startup: LightweightThemeManager
1449262576511	addons.manager	DEBUG	Starting provider: GMPProvider
1449262576553	addons.manager	DEBUG	Registering shutdown blocker for GMPProvider
1449262576554	addons.manager	DEBUG	Provider finished startup: GMPProvider
1449262576554	addons.manager	DEBUG	Starting provider: PluginProvider
1449262576554	addons.manager	DEBUG	Registering shutdown blocker for PluginProvider
1449262576554	addons.manager	DEBUG	Provider finished startup: PluginProvider
1449262576555	addons.manager	DEBUG	Completed startup sequence

Build info: version: &#039;2.47.1&#039;, revision: &#039;411b314&#039;, time: &#039;2015-07-30 02:56:46&#039;
System info: host: &#039;01250LT2368&#039;, ip: &#039;10.8.130.158&#039;, os.name: &#039;Windows 7&#039;, os.arch: &#039;x86&#039;, os.version: &#039;6.1&#039;, java.version: &#039;1.8.0_60&#039;
Driver info: driver.version: FirefoxDriver">
      <![CDATA[org.openqa.selenium.WebDriverException: Failed to connect to binary FirefoxBinary(C:\Program Files\Mozilla Firefox\firefox.exe) on port 7055; process output follows: 
xtensions.json	DEBUG	Save changes
1449262575116	DeferredSave.extensions.json	DEBUG	Save changes
1449262575117	addons.xpi	DEBUG	Updating XPIState for {"id":"{972ce4c6-7e08-4474-a285-3208198ce6fd}","syncGUID":"XIcsDmRfc4tY","location":"app-global","version":"42.0","type":"theme","internalName":"classic/1.0","updateURL":null,"updateKey":null,"optionsURL":null,"optionsType":null,"aboutURL":null,"iconURL":null,"icon64URL":null,"defaultLocale":{"name":"Default","description":"The default theme.","creator":"Mozilla","homepageURL":null,"contributors":["Mozilla Contributors"]},"visible":true,"active":true,"userDisabled":false,"appDisabled":false,"descriptor":"C:\\Program Files\\Mozilla Firefox\\browser\\extensions\\{972ce4c6-7e08-4474-a285-3208198ce6fd}","installDate":1447167314715,"updateDate":1447167314715,"applyBackgroundUpdates":1,"skinnable":true,"size":24301,"sourceURI":null,"releaseNotesURI":null,"softDisabled":false,"foreignInstall":false,"hasBinaryComponents":false,"strictCompatibility":true,"locales":[],"targetApplications":[{"id":"{ec8030f7-c20a-464f-9b0e-13a3a9e97384}","minVersion":"42.0","maxVersion":"42.0"}],"targetPlatforms":[]}
1449262575117	addons.xpi	DEBUG	getModTime: Recursive scan of {972ce4c6-7e08-4474-a285-3208198ce6fd}
1449262575118	addons.xpi	DEBUG	New add-on {D19CA586-DD6C-4a0a-96F8-14644F340D60} installed in winreg-app-global
1449262575160	DeferredSave.extensions.json	DEBUG	Starting write
1449262576200	addons.xpi	WARN	Disabling foreign installed add-on {D19CA586-DD6C-4a0a-96F8-14644F340D60} in winreg-app-global
1449262576201	addons.xpi-utils	DEBUG	Make addon winreg-app-global:{D19CA586-DD6C-4a0a-96F8-14644F340D60} visible
1449262576201	DeferredSave.extensions.json	DEBUG	Save changes
1449262576201	DeferredSave.extensions.json	DEBUG	Data changed while write in progress
1449262576202	DeferredSave.extensions.json	DEBUG	Save changes
1449262576202	addons.xpi	DEBUG	Updating XPIState for {"id":"{D19CA586-DD6C-4a0a-96F8-14644F340D60}","syncGUID":"EZfD7y0cjpe4","location":"winreg-app-global","version":"15.1.0","type":"extension","internalName":null,"updateURL":null,"updateKey":null,"optionsURL":null,"optionsType":null,"aboutURL":null,"iconURL":"chrome://vscore/content/ScriptFF.gif","icon64URL":null,"defaultLocale":{"name":"McAfee ScriptScan for Firefox","description":null,"creator":"McAfee, Inc.","homepageURL":null},"visible":true,"active":false,"userDisabled":true,"appDisabled":false,"descriptor":"C:\\Program Files\\Common Files\\McAfee\\SystemCore","installDate":1449261103026,"updateDate":1449261103026,"applyBackgroundUpdates":1,"bootstrap":false,"size":4090600,"sourceURI":null,"releaseNotesURI":null,"softDisabled":false,"foreignInstall":true,"hasBinaryComponents":false,"strictCompatibility":false,"locales":[],"targetApplications":[{"id":"{ec8030f7-c20a-464f-9b0e-13a3a9e97384}","minVersion":"1.5","maxVersion":"9.9"}],"targetPlatforms":[],"multiprocessCompatible":false,"signedState":0}
1449262576203	addons.xpi	DEBUG	Updating database with changes to installed add-ons
1449262576203	addons.xpi-utils	DEBUG	Updating add-on states
1449262576388	addons.xpi-utils	DEBUG	Writing add-ons list
1449262576510	addons.manager	DEBUG	Registering shutdown blocker for XPIProvider
1449262576510	addons.manager	DEBUG	Provider finished startup: XPIProvider
1449262576510	addons.manager	DEBUG	Starting provider: LightweightThemeManager
1449262576510	addons.manager	DEBUG	Registering shutdown blocker for LightweightThemeManager
1449262576511	addons.manager	DEBUG	Provider finished startup: LightweightThemeManager
1449262576511	addons.manager	DEBUG	Starting provider: GMPProvider
1449262576553	addons.manager	DEBUG	Registering shutdown blocker for GMPProvider
1449262576554	addons.manager	DEBUG	Provider finished startup: GMPProvider
1449262576554	addons.manager	DEBUG	Starting provider: PluginProvider
1449262576554	addons.manager	DEBUG	Registering shutdown blocker for PluginProvider
1449262576554	addons.manager	DEBUG	Provider finished startup: PluginProvider
1449262576555	addons.manager	DEBUG	Completed startup sequence

Build info: version: '2.47.1', revision: '411b314', time: '2015-07-30 02:56:46'
System info: host: '01250LT2368', ip: '10.8.130.158', os.name: 'Windows 7', os.arch: 'x86', os.version: '6.1', java.version: '1.8.0_60'
Driver info: driver.version: FirefoxDriver
	at org.openqa.selenium.firefox.internal.NewProfileExtensionConnection.start(NewProfileExtensionConnection.java:134)
	at org.openqa.selenium.firefox.FirefoxDriver.startClient(FirefoxDriver.java:276)
	at org.openqa.selenium.remote.RemoteWebDriver.<init>(RemoteWebDriver.java:116)
	at org.openqa.selenium.firefox.FirefoxDriver.<init>(FirefoxDriver.java:223)
	at org.openqa.selenium.firefox.FirefoxDriver.<init>(FirefoxDriver.java:216)
	at org.openqa.selenium.firefox.FirefoxDriver.<init>(FirefoxDriver.java:212)
	at org.openqa.selenium.firefox.FirefoxDriver.<init>(FirefoxDriver.java:125)
	at utilities.StartUp.openBrowser(StartUp.java:47)
	at sun.reflect.NativeMethodAccessorImpl.invoke0(Native Method)
	at sun.reflect.NativeMethodAccessorImpl.invoke(Unknown Source)
	at sun.reflect.DelegatingMethodAccessorImpl.invoke(Unknown Source)
	at java.lang.reflect.Method.invoke(Unknown Source)
	at org.testng.internal.MethodInvocationHelper.invokeMethod(MethodInvocationHelper.java:84)
	at org.testng.internal.Invoker.invokeConfigurationMethod(Invoker.java:564)
	at org.testng.internal.Invoker.invokeConfigurations(Invoker.java:213)
	at org.testng.internal.Invoker.invokeConfigurations(Invoker.java:138)
	at org.testng.SuiteRunner.privateRun(SuiteRunner.java:277)
	at org.testng.SuiteRunner.run(SuiteRunner.java:240)
	at org.testng.SuiteRunnerWorker.runSuite(SuiteRunnerWorker.java:52)
	at org.testng.SuiteRunnerWorker.run(SuiteRunnerWorker.java:86)
	at org.testng.TestNG.runSuitesSequentially(TestNG.java:1224)
	at org.testng.TestNG.runSuitesLocally(TestNG.java:1149)
	at org.testng.TestNG.run(TestNG.java:1057)
	at org.testng.remote.RemoteTestNG.run(RemoteTestNG.java:115)
	at org.testng.remote.RemoteTestNG.initAndRun(RemoteTestNG.java:207)
	at org.testng.remote.RemoteTestNG.main(RemoteTestNG.java:178)
Caused by: org.openqa.selenium.firefox.NotConnectedException: Unable to connect to host 127.0.0.1 on port 7055 after 45000 ms. Firefox console output:
xtensions.json	DEBUG	Save changes
1449262575116	DeferredSave.extensions.json	DEBUG	Save changes
1449262575117	addons.xpi	DEBUG	Updating XPIState for {"id":"{972ce4c6-7e08-4474-a285-3208198ce6fd}","syncGUID":"XIcsDmRfc4tY","location":"app-global","version":"42.0","type":"theme","internalName":"classic/1.0","updateURL":null,"updateKey":null,"optionsURL":null,"optionsType":null,"aboutURL":null,"iconURL":null,"icon64URL":null,"defaultLocale":{"name":"Default","description":"The default theme.","creator":"Mozilla","homepageURL":null,"contributors":["Mozilla Contributors"]},"visible":true,"active":true,"userDisabled":false,"appDisabled":false,"descriptor":"C:\\Program Files\\Mozilla Firefox\\browser\\extensions\\{972ce4c6-7e08-4474-a285-3208198ce6fd}","installDate":1447167314715,"updateDate":1447167314715,"applyBackgroundUpdates":1,"skinnable":true,"size":24301,"sourceURI":null,"releaseNotesURI":null,"softDisabled":false,"foreignInstall":false,"hasBinaryComponents":false,"strictCompatibility":true,"locales":[],"targetApplications":[{"id":"{ec8030f7-c20a-464f-9b0e-13a3a9e97384}","minVersion":"42.0","maxVersion":"42.0"}],"targetPlatforms":[]}
1449262575117	addons.xpi	DEBUG	getModTime: Recursive scan of {972ce4c6-7e08-4474-a285-3208198ce6fd}
1449262575118	addons.xpi	DEBUG	New add-on {D19CA586-DD6C-4a0a-96F8-14644F340D60} installed in winreg-app-global
1449262575160	DeferredSave.extensions.json	DEBUG	Starting write
1449262576200	addons.xpi	WARN	Disabling foreign installed add-on {D19CA586-DD6C-4a0a-96F8-14644F340D60} in winreg-app-global
1449262576201	addons.xpi-utils	DEBUG	Make addon winreg-app-global:{D19CA586-DD6C-4a0a-96F8-14644F340D60} visible
1449262576201	DeferredSave.extensions.json	DEBUG	Save changes
1449262576201	DeferredSave.extensions.json	DEBUG	Data changed while write in progress
1449262576202	DeferredSave.extensions.json	DEBUG	Save changes
1449262576202	addons.xpi	DEBUG	Updating XPIState for {"id":"{D19CA586-DD6C-4a0a-96F8-14644F340D60}","syncGUID":"EZfD7y0cjpe4","location":"winreg-app-global","version":"15.1.0","type":"extension","internalName":null,"updateURL":null,"updateKey":null,"optionsURL":null,"optionsType":null,"aboutURL":null,"iconURL":"chrome://vscore/content/ScriptFF.gif","icon64URL":null,"defaultLocale":{"name":"McAfee ScriptScan for Firefox","description":null,"creator":"McAfee, Inc.","homepageURL":null},"visible":true,"active":false,"userDisabled":true,"appDisabled":false,"descriptor":"C:\\Program Files\\Common Files\\McAfee\\SystemCore","installDate":1449261103026,"updateDate":1449261103026,"applyBackgroundUpdates":1,"bootstrap":false,"size":4090600,"sourceURI":null,"releaseNotesURI":null,"softDisabled":false,"foreignInstall":true,"hasBinaryComponents":false,"strictCompatibility":false,"locales":[],"targetApplications":[{"id":"{ec8030f7-c20a-464f-9b0e-13a3a9e97384}","minVersion":"1.5","maxVersion":"9.9"}],"targetPlatforms":[],"multiprocessCompatible":false,"signedState":0}
1449262576203	addons.xpi	DEBUG	Updating database with changes to installed add-ons
1449262576203	addons.xpi-utils	DEBUG	Updating add-on states
1449262576388	addons.xpi-utils	DEBUG	Writing add-ons list
1449262576510	addons.manager	DEBUG	Registering shutdown blocker for XPIProvider
1449262576510	addons.manager	DEBUG	Provider finished startup: XPIProvider
1449262576510	addons.manager	DEBUG	Starting provider: LightweightThemeManager
1449262576510	addons.manager	DEBUG	Registering shutdown blocker for LightweightThemeManager
1449262576511	addons.manager	DEBUG	Provider finished startup: LightweightThemeManager
1449262576511	addons.manager	DEBUG	Starting provider: GMPProvider
1449262576553	addons.manager	DEBUG	Registering shutdown blocker for GMPProvider
1449262576554	addons.manager	DEBUG	Provider finished startup: GMPProvider
1449262576554	addons.manager	DEBUG	Starting provider: PluginProvider
1449262576554	addons.manager	DEBUG	Registering shutdown blocker for PluginProvider
1449262576554	addons.manager	DEBUG	Provider finished startup: PluginProvider
1449262576555	addons.manager	DEBUG	Completed startup sequence

	at org.openqa.selenium.firefox.internal.NewProfileExtensionConnection.start(NewProfileExtensionConnection.java:122)
	... 25 more
]]>
    </failure>
  </testcase> <!-- verifyInvalidPassword -->
  <testcase name="verifyTitle" time="0.000" classname="testCase.TestCaseForLogin">
    <failure type="org.openqa.selenium.WebDriverException" message="Failed to connect to binary FirefoxBinary(C:\Program Files\Mozilla Firefox\firefox.exe) on port 7055; process output follows: 
xtensions.json	DEBUG	Save changes
1449262575116	DeferredSave.extensions.json	DEBUG	Save changes
1449262575117	addons.xpi	DEBUG	Updating XPIState for {&quot;id&quot;:&quot;{972ce4c6-7e08-4474-a285-3208198ce6fd}&quot;,&quot;syncGUID&quot;:&quot;XIcsDmRfc4tY&quot;,&quot;location&quot;:&quot;app-global&quot;,&quot;version&quot;:&quot;42.0&quot;,&quot;type&quot;:&quot;theme&quot;,&quot;internalName&quot;:&quot;classic/1.0&quot;,&quot;updateURL&quot;:null,&quot;updateKey&quot;:null,&quot;optionsURL&quot;:null,&quot;optionsType&quot;:null,&quot;aboutURL&quot;:null,&quot;iconURL&quot;:null,&quot;icon64URL&quot;:null,&quot;defaultLocale&quot;:{&quot;name&quot;:&quot;Default&quot;,&quot;description&quot;:&quot;The default theme.&quot;,&quot;creator&quot;:&quot;Mozilla&quot;,&quot;homepageURL&quot;:null,&quot;contributors&quot;:[&quot;Mozilla Contributors&quot;]},&quot;visible&quot;:true,&quot;active&quot;:true,&quot;userDisabled&quot;:false,&quot;appDisabled&quot;:false,&quot;descriptor&quot;:&quot;C:\\Program Files\\Mozilla Firefox\\browser\\extensions\\{972ce4c6-7e08-4474-a285-3208198ce6fd}&quot;,&quot;installDate&quot;:1447167314715,&quot;updateDate&quot;:1447167314715,&quot;applyBackgroundUpdates&quot;:1,&quot;skinnable&quot;:true,&quot;size&quot;:24301,&quot;sourceURI&quot;:null,&quot;releaseNotesURI&quot;:null,&quot;softDisabled&quot;:false,&quot;foreignInstall&quot;:false,&quot;hasBinaryComponents&quot;:false,&quot;strictCompatibility&quot;:true,&quot;locales&quot;:[],&quot;targetApplications&quot;:[{&quot;id&quot;:&quot;{ec8030f7-c20a-464f-9b0e-13a3a9e97384}&quot;,&quot;minVersion&quot;:&quot;42.0&quot;,&quot;maxVersion&quot;:&quot;42.0&quot;}],&quot;targetPlatforms&quot;:[]}
1449262575117	addons.xpi	DEBUG	getModTime: Recursive scan of {972ce4c6-7e08-4474-a285-3208198ce6fd}
1449262575118	addons.xpi	DEBUG	New add-on {D19CA586-DD6C-4a0a-96F8-14644F340D60} installed in winreg-app-global
1449262575160	DeferredSave.extensions.json	DEBUG	Starting write
1449262576200	addons.xpi	WARN	Disabling foreign installed add-on {D19CA586-DD6C-4a0a-96F8-14644F340D60} in winreg-app-global
1449262576201	addons.xpi-utils	DEBUG	Make addon winreg-app-global:{D19CA586-DD6C-4a0a-96F8-14644F340D60} visible
1449262576201	DeferredSave.extensions.json	DEBUG	Save changes
1449262576201	DeferredSave.extensions.json	DEBUG	Data changed while write in progress
1449262576202	DeferredSave.extensions.json	DEBUG	Save changes
1449262576202	addons.xpi	DEBUG	Updating XPIState for {&quot;id&quot;:&quot;{D19CA586-DD6C-4a0a-96F8-14644F340D60}&quot;,&quot;syncGUID&quot;:&quot;EZfD7y0cjpe4&quot;,&quot;location&quot;:&quot;winreg-app-global&quot;,&quot;version&quot;:&quot;15.1.0&quot;,&quot;type&quot;:&quot;extension&quot;,&quot;internalName&quot;:null,&quot;updateURL&quot;:null,&quot;updateKey&quot;:null,&quot;optionsURL&quot;:null,&quot;optionsType&quot;:null,&quot;aboutURL&quot;:null,&quot;iconURL&quot;:&quot;chrome://vscore/content/ScriptFF.gif&quot;,&quot;icon64URL&quot;:null,&quot;defaultLocale&quot;:{&quot;name&quot;:&quot;McAfee ScriptScan for Firefox&quot;,&quot;description&quot;:null,&quot;creator&quot;:&quot;McAfee, Inc.&quot;,&quot;homepageURL&quot;:null},&quot;visible&quot;:true,&quot;active&quot;:false,&quot;userDisabled&quot;:true,&quot;appDisabled&quot;:false,&quot;descriptor&quot;:&quot;C:\\Program Files\\Common Files\\McAfee\\SystemCore&quot;,&quot;installDate&quot;:1449261103026,&quot;updateDate&quot;:1449261103026,&quot;applyBackgroundUpdates&quot;:1,&quot;bootstrap&quot;:false,&quot;size&quot;:4090600,&quot;sourceURI&quot;:null,&quot;releaseNotesURI&quot;:null,&quot;softDisabled&quot;:false,&quot;foreignInstall&quot;:true,&quot;hasBinaryComponents&quot;:false,&quot;strictCompatibility&quot;:false,&quot;locales&quot;:[],&quot;targetApplications&quot;:[{&quot;id&quot;:&quot;{ec8030f7-c20a-464f-9b0e-13a3a9e97384}&quot;,&quot;minVersion&quot;:&quot;1.5&quot;,&quot;maxVersion&quot;:&quot;9.9&quot;}],&quot;targetPlatforms&quot;:[],&quot;multiprocessCompatible&quot;:false,&quot;signedState&quot;:0}
1449262576203	addons.xpi	DEBUG	Updating database with changes to installed add-ons
1449262576203	addons.xpi-utils	DEBUG	Updating add-on states
1449262576388	addons.xpi-utils	DEBUG	Writing add-ons list
1449262576510	addons.manager	DEBUG	Registering shutdown blocker for XPIProvider
1449262576510	addons.manager	DEBUG	Provider finished startup: XPIProvider
1449262576510	addons.manager	DEBUG	Starting provider: LightweightThemeManager
1449262576510	addons.manager	DEBUG	Registering shutdown blocker for LightweightThemeManager
1449262576511	addons.manager	DEBUG	Provider finished startup: LightweightThemeManager
1449262576511	addons.manager	DEBUG	Starting provider: GMPProvider
1449262576553	addons.manager	DEBUG	Registering shutdown blocker for GMPProvider
1449262576554	addons.manager	DEBUG	Provider finished startup: GMPProvider
1449262576554	addons.manager	DEBUG	Starting provider: PluginProvider
1449262576554	addons.manager	DEBUG	Registering shutdown blocker for PluginProvider
1449262576554	addons.manager	DEBUG	Provider finished startup: PluginProvider
1449262576555	addons.manager	DEBUG	Completed startup sequence

Build info: version: &#039;2.47.1&#039;, revision: &#039;411b314&#039;, time: &#039;2015-07-30 02:56:46&#039;
System info: host: &#039;01250LT2368&#039;, ip: &#039;10.8.130.158&#039;, os.name: &#039;Windows 7&#039;, os.arch: &#039;x86&#039;, os.version: &#039;6.1&#039;, java.version: &#039;1.8.0_60&#039;
Driver info: driver.version: FirefoxDriver">
      <![CDATA[org.openqa.selenium.WebDriverException: Failed to connect to binary FirefoxBinary(C:\Program Files\Mozilla Firefox\firefox.exe) on port 7055; process output follows: 
xtensions.json	DEBUG	Save changes
1449262575116	DeferredSave.extensions.json	DEBUG	Save changes
1449262575117	addons.xpi	DEBUG	Updating XPIState for {"id":"{972ce4c6-7e08-4474-a285-3208198ce6fd}","syncGUID":"XIcsDmRfc4tY","location":"app-global","version":"42.0","type":"theme","internalName":"classic/1.0","updateURL":null,"updateKey":null,"optionsURL":null,"optionsType":null,"aboutURL":null,"iconURL":null,"icon64URL":null,"defaultLocale":{"name":"Default","description":"The default theme.","creator":"Mozilla","homepageURL":null,"contributors":["Mozilla Contributors"]},"visible":true,"active":true,"userDisabled":false,"appDisabled":false,"descriptor":"C:\\Program Files\\Mozilla Firefox\\browser\\extensions\\{972ce4c6-7e08-4474-a285-3208198ce6fd}","installDate":1447167314715,"updateDate":1447167314715,"applyBackgroundUpdates":1,"skinnable":true,"size":24301,"sourceURI":null,"releaseNotesURI":null,"softDisabled":false,"foreignInstall":false,"hasBinaryComponents":false,"strictCompatibility":true,"locales":[],"targetApplications":[{"id":"{ec8030f7-c20a-464f-9b0e-13a3a9e97384}","minVersion":"42.0","maxVersion":"42.0"}],"targetPlatforms":[]}
1449262575117	addons.xpi	DEBUG	getModTime: Recursive scan of {972ce4c6-7e08-4474-a285-3208198ce6fd}
1449262575118	addons.xpi	DEBUG	New add-on {D19CA586-DD6C-4a0a-96F8-14644F340D60} installed in winreg-app-global
1449262575160	DeferredSave.extensions.json	DEBUG	Starting write
1449262576200	addons.xpi	WARN	Disabling foreign installed add-on {D19CA586-DD6C-4a0a-96F8-14644F340D60} in winreg-app-global
1449262576201	addons.xpi-utils	DEBUG	Make addon winreg-app-global:{D19CA586-DD6C-4a0a-96F8-14644F340D60} visible
1449262576201	DeferredSave.extensions.json	DEBUG	Save changes
1449262576201	DeferredSave.extensions.json	DEBUG	Data changed while write in progress
1449262576202	DeferredSave.extensions.json	DEBUG	Save changes
1449262576202	addons.xpi	DEBUG	Updating XPIState for {"id":"{D19CA586-DD6C-4a0a-96F8-14644F340D60}","syncGUID":"EZfD7y0cjpe4","location":"winreg-app-global","version":"15.1.0","type":"extension","internalName":null,"updateURL":null,"updateKey":null,"optionsURL":null,"optionsType":null,"aboutURL":null,"iconURL":"chrome://vscore/content/ScriptFF.gif","icon64URL":null,"defaultLocale":{"name":"McAfee ScriptScan for Firefox","description":null,"creator":"McAfee, Inc.","homepageURL":null},"visible":true,"active":false,"userDisabled":true,"appDisabled":false,"descriptor":"C:\\Program Files\\Common Files\\McAfee\\SystemCore","installDate":1449261103026,"updateDate":1449261103026,"applyBackgroundUpdates":1,"bootstrap":false,"size":4090600,"sourceURI":null,"releaseNotesURI":null,"softDisabled":false,"foreignInstall":true,"hasBinaryComponents":false,"strictCompatibility":false,"locales":[],"targetApplications":[{"id":"{ec8030f7-c20a-464f-9b0e-13a3a9e97384}","minVersion":"1.5","maxVersion":"9.9"}],"targetPlatforms":[],"multiprocessCompatible":false,"signedState":0}
1449262576203	addons.xpi	DEBUG	Updating database with changes to installed add-ons
1449262576203	addons.xpi-utils	DEBUG	Updating add-on states
1449262576388	addons.xpi-utils	DEBUG	Writing add-ons list
1449262576510	addons.manager	DEBUG	Registering shutdown blocker for XPIProvider
1449262576510	addons.manager	DEBUG	Provider finished startup: XPIProvider
1449262576510	addons.manager	DEBUG	Starting provider: LightweightThemeManager
1449262576510	addons.manager	DEBUG	Registering shutdown blocker for LightweightThemeManager
1449262576511	addons.manager	DEBUG	Provider finished startup: LightweightThemeManager
1449262576511	addons.manager	DEBUG	Starting provider: GMPProvider
1449262576553	addons.manager	DEBUG	Registering shutdown blocker for GMPProvider
1449262576554	addons.manager	DEBUG	Provider finished startup: GMPProvider
1449262576554	addons.manager	DEBUG	Starting provider: PluginProvider
1449262576554	addons.manager	DEBUG	Registering shutdown blocker for PluginProvider
1449262576554	addons.manager	DEBUG	Provider finished startup: PluginProvider
1449262576555	addons.manager	DEBUG	Completed startup sequence

Build info: version: '2.47.1', revision: '411b314', time: '2015-07-30 02:56:46'
System info: host: '01250LT2368', ip: '10.8.130.158', os.name: 'Windows 7', os.arch: 'x86', os.version: '6.1', java.version: '1.8.0_60'
Driver info: driver.version: FirefoxDriver
	at org.openqa.selenium.firefox.internal.NewProfileExtensionConnection.start(NewProfileExtensionConnection.java:134)
	at org.openqa.selenium.firefox.FirefoxDriver.startClient(FirefoxDriver.java:276)
	at org.openqa.selenium.remote.RemoteWebDriver.<init>(RemoteWebDriver.java:116)
	at org.openqa.selenium.firefox.FirefoxDriver.<init>(FirefoxDriver.java:223)
	at org.openqa.selenium.firefox.FirefoxDriver.<init>(FirefoxDriver.java:216)
	at org.openqa.selenium.firefox.FirefoxDriver.<init>(FirefoxDriver.java:212)
	at org.openqa.selenium.firefox.FirefoxDriver.<init>(FirefoxDriver.java:125)
	at utilities.StartUp.openBrowser(StartUp.java:47)
	at sun.reflect.NativeMethodAccessorImpl.invoke0(Native Method)
	at sun.reflect.NativeMethodAccessorImpl.invoke(Unknown Source)
	at sun.reflect.DelegatingMethodAccessorImpl.invoke(Unknown Source)
	at java.lang.reflect.Method.invoke(Unknown Source)
	at org.testng.internal.MethodInvocationHelper.invokeMethod(MethodInvocationHelper.java:84)
	at org.testng.internal.Invoker.invokeConfigurationMethod(Invoker.java:564)
	at org.testng.internal.Invoker.invokeConfigurations(Invoker.java:213)
	at org.testng.internal.Invoker.invokeConfigurations(Invoker.java:138)
	at org.testng.SuiteRunner.privateRun(SuiteRunner.java:277)
	at org.testng.SuiteRunner.run(SuiteRunner.java:240)
	at org.testng.SuiteRunnerWorker.runSuite(SuiteRunnerWorker.java:52)
	at org.testng.SuiteRunnerWorker.run(SuiteRunnerWorker.java:86)
	at org.testng.TestNG.runSuitesSequentially(TestNG.java:1224)
	at org.testng.TestNG.runSuitesLocally(TestNG.java:1149)
	at org.testng.TestNG.run(TestNG.java:1057)
	at org.testng.remote.RemoteTestNG.run(RemoteTestNG.java:115)
	at org.testng.remote.RemoteTestNG.initAndRun(RemoteTestNG.java:207)
	at org.testng.remote.RemoteTestNG.main(RemoteTestNG.java:178)
Caused by: org.openqa.selenium.firefox.NotConnectedException: Unable to connect to host 127.0.0.1 on port 7055 after 45000 ms. Firefox console output:
xtensions.json	DEBUG	Save changes
1449262575116	DeferredSave.extensions.json	DEBUG	Save changes
1449262575117	addons.xpi	DEBUG	Updating XPIState for {"id":"{972ce4c6-7e08-4474-a285-3208198ce6fd}","syncGUID":"XIcsDmRfc4tY","location":"app-global","version":"42.0","type":"theme","internalName":"classic/1.0","updateURL":null,"updateKey":null,"optionsURL":null,"optionsType":null,"aboutURL":null,"iconURL":null,"icon64URL":null,"defaultLocale":{"name":"Default","description":"The default theme.","creator":"Mozilla","homepageURL":null,"contributors":["Mozilla Contributors"]},"visible":true,"active":true,"userDisabled":false,"appDisabled":false,"descriptor":"C:\\Program Files\\Mozilla Firefox\\browser\\extensions\\{972ce4c6-7e08-4474-a285-3208198ce6fd}","installDate":1447167314715,"updateDate":1447167314715,"applyBackgroundUpdates":1,"skinnable":true,"size":24301,"sourceURI":null,"releaseNotesURI":null,"softDisabled":false,"foreignInstall":false,"hasBinaryComponents":false,"strictCompatibility":true,"locales":[],"targetApplications":[{"id":"{ec8030f7-c20a-464f-9b0e-13a3a9e97384}","minVersion":"42.0","maxVersion":"42.0"}],"targetPlatforms":[]}
1449262575117	addons.xpi	DEBUG	getModTime: Recursive scan of {972ce4c6-7e08-4474-a285-3208198ce6fd}
1449262575118	addons.xpi	DEBUG	New add-on {D19CA586-DD6C-4a0a-96F8-14644F340D60} installed in winreg-app-global
1449262575160	DeferredSave.extensions.json	DEBUG	Starting write
1449262576200	addons.xpi	WARN	Disabling foreign installed add-on {D19CA586-DD6C-4a0a-96F8-14644F340D60} in winreg-app-global
1449262576201	addons.xpi-utils	DEBUG	Make addon winreg-app-global:{D19CA586-DD6C-4a0a-96F8-14644F340D60} visible
1449262576201	DeferredSave.extensions.json	DEBUG	Save changes
1449262576201	DeferredSave.extensions.json	DEBUG	Data changed while write in progress
1449262576202	DeferredSave.extensions.json	DEBUG	Save changes
1449262576202	addons.xpi	DEBUG	Updating XPIState for {"id":"{D19CA586-DD6C-4a0a-96F8-14644F340D60}","syncGUID":"EZfD7y0cjpe4","location":"winreg-app-global","version":"15.1.0","type":"extension","internalName":null,"updateURL":null,"updateKey":null,"optionsURL":null,"optionsType":null,"aboutURL":null,"iconURL":"chrome://vscore/content/ScriptFF.gif","icon64URL":null,"defaultLocale":{"name":"McAfee ScriptScan for Firefox","description":null,"creator":"McAfee, Inc.","homepageURL":null},"visible":true,"active":false,"userDisabled":true,"appDisabled":false,"descriptor":"C:\\Program Files\\Common Files\\McAfee\\SystemCore","installDate":1449261103026,"updateDate":1449261103026,"applyBackgroundUpdates":1,"bootstrap":false,"size":4090600,"sourceURI":null,"releaseNotesURI":null,"softDisabled":false,"foreignInstall":true,"hasBinaryComponents":false,"strictCompatibility":false,"locales":[],"targetApplications":[{"id":"{ec8030f7-c20a-464f-9b0e-13a3a9e97384}","minVersion":"1.5","maxVersion":"9.9"}],"targetPlatforms":[],"multiprocessCompatible":false,"signedState":0}
1449262576203	addons.xpi	DEBUG	Updating database with changes to installed add-ons
1449262576203	addons.xpi-utils	DEBUG	Updating add-on states
1449262576388	addons.xpi-utils	DEBUG	Writing add-ons list
1449262576510	addons.manager	DEBUG	Registering shutdown blocker for XPIProvider
1449262576510	addons.manager	DEBUG	Provider finished startup: XPIProvider
1449262576510	addons.manager	DEBUG	Starting provider: LightweightThemeManager
1449262576510	addons.manager	DEBUG	Registering shutdown blocker for LightweightThemeManager
1449262576511	addons.manager	DEBUG	Provider finished startup: LightweightThemeManager
1449262576511	addons.manager	DEBUG	Starting provider: GMPProvider
1449262576553	addons.manager	DEBUG	Registering shutdown blocker for GMPProvider
1449262576554	addons.manager	DEBUG	Provider finished startup: GMPProvider
1449262576554	addons.manager	DEBUG	Starting provider: PluginProvider
1449262576554	addons.manager	DEBUG	Registering shutdown blocker for PluginProvider
1449262576554	addons.manager	DEBUG	Provider finished startup: PluginProvider
1449262576555	addons.manager	DEBUG	Completed startup sequence

	at org.openqa.selenium.firefox.internal.NewProfileExtensionConnection.start(NewProfileExtensionConnection.java:122)
	... 25 more
]]>
    </failure>
  </testcase> <!-- verifyTitle -->
</testsuite> <!-- testCase.TestCaseForLogin -->
