<?xml version="1.0" encoding="UTF-8"?>
<!-- Generated by org.testng.reporters.JUnitReportReporter -->
<testsuite hostname="01250LT2368" name="testCase.IntegrateMemberAcWithLofin" tests="7" failures="0" timestamp="25 Nov 2015 18:00:26 GMT" time="31.880" errors="0">
  <testcase name="enterBlankDataIntoMemberAc" time="1.558" classname="testCase.IntegrateMemberAcWithLofin"/>
  <testcase name="createAMemberAcWithValidData" time="3.929" classname="testCase.IntegrateMemberAcWithLofin"/>
  <testcase name="navigateToAccountPage" time="10.554" classname="testCase.IntegrateMemberAcWithLofin"/>
  <testcase name="enterInvalidDate" time="1.886" classname="testCase.IntegrateMemberAcWithLofin"/>
  <testcase name="loginIntoApplication" time="9.336" classname="testCase.IntegrateMemberAcWithLofin"/>
  <testcase name="enterInvalidSsn" time="2.631" classname="testCase.IntegrateMemberAcWithLofin"/>
  <testcase name="enterInvalidEmail" time="1.986" classname="testCase.IntegrateMemberAcWithLofin"/>
</testsuite> <!-- testCase.IntegrateMemberAcWithLofin -->
