<?xml version="1.0" encoding="UTF-8"?>
<!-- Generated by org.testng.reporters.JUnitReportReporter -->
<testsuite hostname="01250LT2368" name="testCase.IntegrateMemberAcWithLogin" tests="7" failures="0" timestamp="30 Nov 2015 16:06:36 GMT" time="28.491" errors="0">
  <testcase name="enterInvalidSsn" time="3.041" classname="testCase.IntegrateMemberAcWithLogin"/>
  <testcase name="createAMemberAcWithValidData" time="3.747" classname="testCase.IntegrateMemberAcWithLogin"/>
  <testcase name="loginIntoApplication" time="9.826" classname="testCase.IntegrateMemberAcWithLogin"/>
  <testcase name="enterInvalidDate" time="1.885" classname="testCase.IntegrateMemberAcWithLogin"/>
  <testcase name="navigateToAccountPage" time="6.567" classname="testCase.IntegrateMemberAcWithLogin"/>
  <testcase name="enterBlankDataIntoMemberAc" time="1.425" classname="testCase.IntegrateMemberAcWithLogin"/>
  <testcase name="enterInvalidEmail" time="2.000" classname="testCase.IntegrateMemberAcWithLogin"/>
</testsuite> <!-- testCase.IntegrateMemberAcWithLogin -->
