<?xml version="1.0" encoding="UTF-8"?>
<!-- Generated by org.testng.reporters.JUnitReportReporter -->
<testsuite hostname="01250LT2368" name="testCase.TestCaseForLogin" tests="8" failures="0" timestamp="11 Jan 2016 19:21:20 GMT" time="15.664" errors="0">
  <testcase name="logout" time="4.693" classname="testCase.TestCaseForLogin"/>
  <testcase name="validLogin" time="0.486" classname="testCase.TestCaseForLogin"/>
  <testcase name="verifyInvalidIDBlank" time="1.235" classname="testCase.TestCaseForLogin"/>
  <testcase name="verifyTitle" time="0.244" classname="testCase.TestCaseForLogin"/>
  <testcase name="logIn" time="5.939" classname="testCase.TestCaseForLogin"/>
  <testcase name="verifyInvalidPassword" time="1.433" classname="testCase.TestCaseForLogin"/>
  <testcase name="verifyInvalidID" time="1.014" classname="testCase.TestCaseForLogin"/>
  <testcase name="verifyRemebarMeCheckBox" time="0.620" classname="testCase.TestCaseForLogin"/>
</testsuite> <!-- testCase.TestCaseForLogin -->
