<?xml version="1.0" encoding="UTF-8"?>
<!-- Generated by org.testng.reporters.JUnitReportReporter -->
<testsuite hostname="01250LT2368" name="testCase.TestCaseForLogin" tests="8" failures="0" timestamp="22 Dec 2015 14:36:34 GMT" time="23.187" errors="0">
  <testcase name="logIn" time="7.751" classname="testCase.TestCaseForLogin"/>
  <testcase name="verifyTitle" time="0.256" classname="testCase.TestCaseForLogin"/>
  <testcase name="verifyInvalidID" time="2.500" classname="testCase.TestCaseForLogin"/>
  <testcase name="verifyInvalidIDBlank" time="3.208" classname="testCase.TestCaseForLogin"/>
  <testcase name="verifyInvalidPassword" time="3.121" classname="testCase.TestCaseForLogin"/>
  <testcase name="verifyRemebarMeCheckBox" time="1.089" classname="testCase.TestCaseForLogin"/>
  <testcase name="validLogin" time="0.726" classname="testCase.TestCaseForLogin"/>
  <testcase name="logout" time="4.536" classname="testCase.TestCaseForLogin"/>
</testsuite> <!-- testCase.TestCaseForLogin -->
