<?xml version="1.0" encoding="UTF-8"?>
<!-- Generated by org.testng.reporters.JUnitReportReporter -->
<testsuite hostname="01250LT2368" name="testCase.TestCaseForLogin" tests="8" failures="0" timestamp="14 Jan 2016 21:19:01 GMT" time="19.804" errors="0">
  <testcase name="logIn" time="10.208" classname="testCase.TestCaseForLogin"/>
  <testcase name="verifyInvalidID" time="0.909" classname="testCase.TestCaseForLogin"/>
  <testcase name="verifyInvalidPassword" time="1.042" classname="testCase.TestCaseForLogin"/>
  <testcase name="validLogin" time="0.485" classname="testCase.TestCaseForLogin"/>
  <testcase name="verifyTitle" time="0.230" classname="testCase.TestCaseForLogin"/>
  <testcase name="logout" time="4.575" classname="testCase.TestCaseForLogin"/>
  <testcase name="verifyRemebarMeCheckBox" time="1.106" classname="testCase.TestCaseForLogin"/>
  <testcase name="verifyInvalidIDBlank" time="1.249" classname="testCase.TestCaseForLogin"/>
</testsuite> <!-- testCase.TestCaseForLogin -->
