<?xml version="1.0" encoding="UTF-8"?>
<!-- Generated by org.testng.reporters.JUnitReportReporter -->
<testsuite hostname="01250LT2368" name="testCase.TestingVerifyAdvancedSearch" tests="4" failures="0" timestamp="7 Dec 2015 17:42:29 GMT" time="6.077" errors="0">
  <testcase name="verifyOpenCase" time="1.238" classname="testCase.TestingVerifyAdvancedSearch"/>
  <testcase name="searchingCase" time="3.784" classname="testCase.TestingVerifyAdvancedSearch"/>
  <testcase name="logIN" time="0.383" classname="testCase.TestingVerifyAdvancedSearch"/>
  <testcase name="openApplication" time="0.672" classname="testCase.TestingVerifyAdvancedSearch"/>
</testsuite> <!-- testCase.TestingVerifyAdvancedSearch -->
