<?xml version="1.0" encoding="UTF-8"?>
<!-- Generated by org.testng.reporters.JUnitReportReporter -->
<testsuite hostname="01250LT2368" name="testCase.IntegrateMemberAcWithLogin" tests="7" failures="0" timestamp="22 Dec 2015 14:36:34 GMT" time="23.887" errors="0">
  <testcase name="loginIntoApplication" time="5.144" classname="testCase.IntegrateMemberAcWithLogin"/>
  <testcase name="navigateToAccountPage" time="5.446" classname="testCase.IntegrateMemberAcWithLogin"/>
  <testcase name="enterInvalidDate" time="1.580" classname="testCase.IntegrateMemberAcWithLogin"/>
  <testcase name="enterInvalidEmail" time="1.459" classname="testCase.IntegrateMemberAcWithLogin"/>
  <testcase name="createAMemberAcWithValidData" time="7.013" classname="testCase.IntegrateMemberAcWithLogin"/>
  <testcase name="enterBlankDataIntoMemberAc" time="1.862" classname="testCase.IntegrateMemberAcWithLogin"/>
  <testcase name="enterInvalidSsn" time="1.383" classname="testCase.IntegrateMemberAcWithLogin"/>
</testsuite> <!-- testCase.IntegrateMemberAcWithLogin -->
