<?xml version="1.0" encoding="UTF-8"?>
<!-- Generated by org.testng.reporters.JUnitReportReporter -->
<testsuite hostname="01250LT2368" name="testCase.TestCaseForLogin" tests="8" failures="0" timestamp="16 Dec 2015 20:48:00 GMT" time="16.715" errors="0">
  <testcase name="verifyInvalidIDBlank" time="1.248" classname="testCase.TestCaseForLogin"/>
  <testcase name="logIn" time="6.355" classname="testCase.TestCaseForLogin"/>
  <testcase name="verifyInvalidID" time="0.968" classname="testCase.TestCaseForLogin"/>
  <testcase name="verifyTitle" time="0.206" classname="testCase.TestCaseForLogin"/>
  <testcase name="verifyInvalidPassword" time="1.178" classname="testCase.TestCaseForLogin"/>
  <testcase name="verifyRemebarMeCheckBox" time="1.431" classname="testCase.TestCaseForLogin"/>
  <testcase name="validLogin" time="0.827" classname="testCase.TestCaseForLogin"/>
  <testcase name="logout" time="4.502" classname="testCase.TestCaseForLogin"/>
</testsuite> <!-- testCase.TestCaseForLogin -->
