<?xml version="1.0" encoding="UTF-8"?>
<!-- Generated by org.testng.reporters.JUnitReportReporter -->
<testsuite hostname="01250LT2368" name="testCase.IntegrateMemberAcWithLogin" tests="7" failures="0" timestamp="25 Nov 2015 18:06:50 GMT" time="27.736" errors="0">
  <testcase name="createAMemberAcWithValidData" time="3.588" classname="testCase.IntegrateMemberAcWithLogin"/>
  <testcase name="loginIntoApplication" time="9.855" classname="testCase.IntegrateMemberAcWithLogin"/>
  <testcase name="enterInvalidEmail" time="1.841" classname="testCase.IntegrateMemberAcWithLogin"/>
  <testcase name="navigateToAccountPage" time="6.305" classname="testCase.IntegrateMemberAcWithLogin"/>
  <testcase name="enterInvalidDate" time="1.985" classname="testCase.IntegrateMemberAcWithLogin"/>
  <testcase name="enterInvalidSsn" time="2.742" classname="testCase.IntegrateMemberAcWithLogin"/>
  <testcase name="enterBlankDataIntoMemberAc" time="1.420" classname="testCase.IntegrateMemberAcWithLogin"/>
</testsuite> <!-- testCase.IntegrateMemberAcWithLogin -->
