<?xml version="1.0" encoding="UTF-8"?>
<!-- Generated by org.testng.reporters.JUnitReportReporter -->
<testsuite hostname="01250LT2368" name="testCase.IntegrateMemberAcWithLogin" tests="7" failures="0" timestamp="17 Dec 2015 21:52:00 GMT" time="28.607" errors="0">
  <testcase name="enterInvalidSsn" time="1.750" classname="testCase.IntegrateMemberAcWithLogin"/>
  <testcase name="loginIntoApplication" time="6.250" classname="testCase.IntegrateMemberAcWithLogin"/>
  <testcase name="enterInvalidDate" time="1.882" classname="testCase.IntegrateMemberAcWithLogin"/>
  <testcase name="enterBlankDataIntoMemberAc" time="2.020" classname="testCase.IntegrateMemberAcWithLogin"/>
  <testcase name="createAMemberAcWithValidData" time="9.100" classname="testCase.IntegrateMemberAcWithLogin"/>
  <testcase name="enterInvalidEmail" time="2.000" classname="testCase.IntegrateMemberAcWithLogin"/>
  <testcase name="navigateToAccountPage" time="5.605" classname="testCase.IntegrateMemberAcWithLogin"/>
</testsuite> <!-- testCase.IntegrateMemberAcWithLogin -->
