<?xml version="1.0" encoding="UTF-8"?>
<!-- Generated by org.testng.reporters.JUnitReportReporter -->
<testsuite hostname="01250LT2368" name="testCase.IntegrateMemberAcWithLogin" tests="7" failures="0" timestamp="11 Jan 2016 19:21:20 GMT" time="20.319" errors="0">
  <testcase name="enterInvalidEmail" time="1.894" classname="testCase.IntegrateMemberAcWithLogin"/>
  <testcase name="loginIntoApplication" time="5.570" classname="testCase.IntegrateMemberAcWithLogin"/>
  <testcase name="enterBlankDataIntoMemberAc" time="1.503" classname="testCase.IntegrateMemberAcWithLogin"/>
  <testcase name="createAMemberAcWithValidData" time="4.010" classname="testCase.IntegrateMemberAcWithLogin"/>
  <testcase name="enterInvalidDate" time="2.304" classname="testCase.IntegrateMemberAcWithLogin"/>
  <testcase name="navigateToAccountPage" time="3.402" classname="testCase.IntegrateMemberAcWithLogin"/>
  <testcase name="enterInvalidSsn" time="1.636" classname="testCase.IntegrateMemberAcWithLogin"/>
</testsuite> <!-- testCase.IntegrateMemberAcWithLogin -->
