<?xml version="1.0" encoding="UTF-8"?>
<!-- Generated by org.testng.reporters.JUnitReportReporter -->
<testsuite hostname="01250LT2368" name="testCase.TestCaseForLogin" tests="8" failures="0" timestamp="17 Dec 2015 21:52:00 GMT" time="18.617" errors="0">
  <testcase name="logIn" time="7.026" classname="testCase.TestCaseForLogin"/>
  <testcase name="verifyInvalidIDBlank" time="1.321" classname="testCase.TestCaseForLogin"/>
  <testcase name="verifyInvalidID" time="1.194" classname="testCase.TestCaseForLogin"/>
  <testcase name="logout" time="5.050" classname="testCase.TestCaseForLogin"/>
  <testcase name="verifyInvalidPassword" time="1.795" classname="testCase.TestCaseForLogin"/>
  <testcase name="verifyRemebarMeCheckBox" time="0.889" classname="testCase.TestCaseForLogin"/>
  <testcase name="validLogin" time="1.102" classname="testCase.TestCaseForLogin"/>
  <testcase name="verifyTitle" time="0.240" classname="testCase.TestCaseForLogin"/>
</testsuite> <!-- testCase.TestCaseForLogin -->
