<?xml version="1.0" encoding="UTF-8"?>
<!-- Generated by org.testng.reporters.JUnitReportReporter -->
<testsuite hostname="01250LT2368" name="testCase.TestCaseForLogin" tests="8" failures="0" timestamp="13 Jan 2016 20:30:35 GMT" time="17.460" errors="0">
  <testcase name="verifyInvalidID" time="1.206" classname="testCase.TestCaseForLogin"/>
  <testcase name="verifyTitle" time="0.254" classname="testCase.TestCaseForLogin"/>
  <testcase name="logout" time="4.782" classname="testCase.TestCaseForLogin"/>
  <testcase name="verifyInvalidPassword" time="1.341" classname="testCase.TestCaseForLogin"/>
  <testcase name="validLogin" time="0.703" classname="testCase.TestCaseForLogin"/>
  <testcase name="logIn" time="6.077" classname="testCase.TestCaseForLogin"/>
  <testcase name="verifyRemebarMeCheckBox" time="1.742" classname="testCase.TestCaseForLogin"/>
  <testcase name="verifyInvalidIDBlank" time="1.355" classname="testCase.TestCaseForLogin"/>
</testsuite> <!-- testCase.TestCaseForLogin -->
