<?xml version="1.0" encoding="UTF-8"?>
<!-- Generated by org.testng.reporters.JUnitReportReporter -->
<testsuite hostname="01250LT2368" name="testCase.TestCaseForLogin" tests="8" failures="0" timestamp="30 Nov 2015 16:06:36 GMT" time="20.849" errors="0">
  <testcase name="logout" time="4.583" classname="testCase.TestCaseForLogin"/>
  <testcase name="validLogin" time="0.598" classname="testCase.TestCaseForLogin"/>
  <testcase name="verifyInvalidIDBlank" time="1.255" classname="testCase.TestCaseForLogin"/>
  <testcase name="verifyInvalidID" time="5.405" classname="testCase.TestCaseForLogin"/>
  <testcase name="verifyTitle" time="0.224" classname="testCase.TestCaseForLogin"/>
  <testcase name="verifyInvalidPassword" time="0.901" classname="testCase.TestCaseForLogin"/>
  <testcase name="verifyRemebarMeCheckBox" time="1.382" classname="testCase.TestCaseForLogin"/>
  <testcase name="logIn" time="6.501" classname="testCase.TestCaseForLogin"/>
</testsuite> <!-- testCase.TestCaseForLogin -->
