<?xml version="1.0" encoding="UTF-8"?>
<!-- Generated by org.testng.reporters.JUnitReportReporter -->
<testsuite hostname="01250LT2368" name="testCase.IntegrateMemberAcWithLogin" tests="7" failures="0" timestamp="16 Dec 2015 20:48:00 GMT" time="20.233" errors="0">
  <testcase name="enterInvalidEmail" time="1.952" classname="testCase.IntegrateMemberAcWithLogin"/>
  <testcase name="navigateToAccountPage" time="3.458" classname="testCase.IntegrateMemberAcWithLogin"/>
  <testcase name="enterInvalidSsn" time="1.864" classname="testCase.IntegrateMemberAcWithLogin"/>
  <testcase name="createAMemberAcWithValidData" time="3.519" classname="testCase.IntegrateMemberAcWithLogin"/>
  <testcase name="loginIntoApplication" time="5.703" classname="testCase.IntegrateMemberAcWithLogin"/>
  <testcase name="enterBlankDataIntoMemberAc" time="1.508" classname="testCase.IntegrateMemberAcWithLogin"/>
  <testcase name="enterInvalidDate" time="2.229" classname="testCase.IntegrateMemberAcWithLogin"/>
</testsuite> <!-- testCase.IntegrateMemberAcWithLogin -->
